Log file open, 07/20/17 17:01:31
LogInit:Display: Running engine for game: Project_RoKar
LogPlatformFile: Not using cached read wrapper
LogInit:Display: RandInit(242795684) SRandInit(242795684).
LogTaskGraph: Started task graph with 5 named threads and 8 total threads with 1 sets of task threads.
LogStats: Stats thread started at 0.125285
LogInit: Using libcurl 7.47.1
LogInit:  - built for x86_64-pc-win32
LogInit:  - supports SSL with OpenSSL/1.0.2g
LogInit:  - supports HTTP deflate (compression) using libz 1.2.8
LogInit:  - other features:
LogInit:      CURL_VERSION_SSL
LogInit:      CURL_VERSION_LIBZ
LogInit:      CURL_VERSION_IPV6
LogInit:      CURL_VERSION_ASYNCHDNS
LogInit:      CURL_VERSION_LARGEFILE
LogInit:      CURL_VERSION_IDN
LogInit:  CurlRequestOptions (configurable via config and command line):
LogInit:  - bVerifyPeer = false  - Libcurl will NOT verify peer certificate
LogInit:  - bUseHttpProxy = false  - Libcurl will NOT use HTTP proxy
LogInit:  - bDontReuseConnections = false  - Libcurl will reuse connections
LogInit:  - CertBundlePath = nullptr  - Libcurl will use whatever was configured at build time.
LogInit: Build: ++UE4+Release-4.16-CL-3514769
LogInit: Engine Version: 4.16.2-3514769+++UE4+Release-4.16
LogInit: Compatible Engine Version: 4.16.0-3452394+++UE4+Release-4.16
LogInit: Net CL: 3452394
LogDevObjectVersion: Number of dev versions registered: 16
LogDevObjectVersion:   Dev-Blueprints (B0D832E4-1F89-4F0D-ACCF-7EB736FD4AA2): 9
LogDevObjectVersion:   Dev-Build (E1C64328-A22C-4D53-A36C-8E866417BD8C): 0
LogDevObjectVersion:   Dev-Core (375EC13C-06E4-48FB-B500-84F0262A717E): 2
LogDevObjectVersion:   Dev-Editor (E4B068ED-F494-42E9-A231-DA0B2E46BB41): 17
LogDevObjectVersion:   Dev-Framework (CFFC743F-43B0-4480-9391-14DF171D2073): 23
LogDevObjectVersion:   Dev-Mobile (B02B49B5-BB20-44E9-A304-32B752E40360): 0
LogDevObjectVersion:   Dev-Networking (A4E4105C-59A1-49B5-A7C5-40C4547EDFEE): 0
LogDevObjectVersion:   Dev-Online (39C831C9-5AE6-47DC-9A44-9C173E1C8E7C): 0
LogDevObjectVersion:   Dev-Physics (78F01B33-EBEA-4F98-B9B4-84EACCB95AA2): 0
LogDevObjectVersion:   Dev-Platform (6631380F-2D4D-43E0-8009-CF276956A95A): 0
LogDevObjectVersion:   Dev-Rendering (12F88B9F-8875-4AFC-A67C-D90C383ABD29): 15
LogDevObjectVersion:   Dev-Sequencer (7B5AE74C-D270-4C10-A958-57980B212A5A): 4
LogDevObjectVersion:   Dev-VR (D7296918-1DD6-4BDD-9DE2-64A83CC13884): 0
LogDevObjectVersion:   Dev-LoadTimes (C2A15278-BFE7-4AFE-6C17-90FF531DF755): 1
LogDevObjectVersion:   Private-Geometry (6EACA3D4-40EC-4CC1-B786-8BED09428FC5): 1
LogDevObjectVersion:   Dev-AnimPhys (29E575DD-E0A3-4627-9D10-D276232CDCEA): 3
LogInit: Compiled (64-bit): Jun 29 2017 02:03:24
LogInit: Compiled with Visual C++: 19.00.24215.01
LogInit: Build Configuration: Development
LogInit: Branch Name: ++UE4+Release-4.16
LogInit: Command line:  
LogInit: Base directory: C:/Program Files/Epic Games/UE_4.16/Engine/Binaries/Win64/
LogInit: Installed Engine Build: 1
LogInit: Presizing for max 8388607 objects, including 0 objects not considered by GC, pre-allocating 0 bytes for permanent pool.
LogInit: Object subsystem initialized
[2017.07.20-22.01.32:877][  0]LogInit: Selected Device Profile: [Windows]
[2017.07.20-22.01.32:877][  0]LogInit: Applying CVar settings loaded from the selected device profile: [Windows]
[2017.07.20-22.01.32:892][  0]LogInit: Computer: THESAFEHOUSE
[2017.07.20-22.01.32:892][  0]LogInit: User: Bruno
[2017.07.20-22.01.32:893][  0]LogInit: CPU Page size=4096, Cores=4
[2017.07.20-22.01.32:893][  0]LogInit: High frequency timer resolution =2.435766 MHz
[2017.07.20-22.01.32:893][  0]LogMemory: Memory total: Physical=7.9GB (8GB approx)
[2017.07.20-22.01.32:893][  0]LogMemory: Platform Memory Stats for Windows
[2017.07.20-22.01.32:893][  0]LogMemory: Process Physical Memory: 271.50 MB used, 271.50 MB peak
[2017.07.20-22.01.32:893][  0]LogMemory: Process Virtual Memory: 260.84 MB used, 260.84 MB peak
[2017.07.20-22.01.32:893][  0]LogMemory: Physical Memory: 3550.83 MB used,  4553.44 MB free, 8104.27 MB total
[2017.07.20-22.01.32:893][  0]LogMemory: Virtual Memory: 616.86 MB used,  4553.44 MB free, 134217728.00 MB total
[2017.07.20-22.01.33:093][  0]LogInit: Overriding language with editor language configuration option (en).
[2017.07.20-22.01.33:093][  0]LogInit: Overriding locale with editor culture configuration option ().
[2017.07.20-22.01.33:093][  0]LogInit: Using OS detected locale (en-GB).
[2017.07.20-22.01.34:744][  0]LogD3D11RHI: D3D11 adapters:
[2017.07.20-22.01.35:776][  0]LogD3D11RHI:    0. 'NVIDIA GeForce GTX 860M' (Feature Level 11_0)
[2017.07.20-22.01.35:776][  0]LogD3D11RHI:       1980/0/4052 MB DedicatedVideo/DedicatedSystem/SharedSystem, Outputs:1, VendorId:0x10de
[2017.07.20-22.01.35:785][  0]LogD3D11RHI:    1. 'Intel(R) HD Graphics 4600' (Feature Level 11_0)
[2017.07.20-22.01.35:785][  0]LogD3D11RHI:       0/0/1792 MB DedicatedVideo/DedicatedSystem/SharedSystem, Outputs:0, VendorId:0x8086
[2017.07.20-22.01.35:787][  0]LogD3D11RHI:    2. 'Microsoft Basic Render Driver' (Feature Level 11_0)
[2017.07.20-22.01.35:787][  0]LogD3D11RHI:       0/0/256 MB DedicatedVideo/DedicatedSystem/SharedSystem, Outputs:0, VendorId:0x1414
[2017.07.20-22.01.35:787][  0]LogD3D11RHI: Chosen D3D11 Adapter: 0
[2017.07.20-22.01.35:793][  0]LogD3D11RHI: Creating new Direct3DDevice
[2017.07.20-22.01.35:793][  0]LogD3D11RHI:     GPU DeviceId: 0x1392 (for the marketing name, search the web for "GPU Device Id")
[2017.07.20-22.01.35:793][  0]LogWindows: EnumDisplayDevices:
[2017.07.20-22.01.35:794][  0]LogWindows:    0. 'Intel(R) HD Graphics 4600' (P:1 D:1)
[2017.07.20-22.01.35:794][  0]LogWindows:    1. 'Intel(R) HD Graphics 4600' (P:0 D:0)
[2017.07.20-22.01.35:794][  0]LogWindows:    2. 'Intel(R) HD Graphics 4600' (P:0 D:0)
[2017.07.20-22.01.35:794][  0]LogWindows: DebugString: PrimaryIsNotTheChoosenAdapter PrimaryIsNotTheChoosenAdapter PrimaryIsNotTheChoosenAdapter FoundDriverCount:0 
[2017.07.20-22.01.35:794][  0]LogD3D11RHI:     Adapter Name: NVIDIA GeForce GTX 860M
[2017.07.20-22.01.35:794][  0]LogD3D11RHI:   Driver Version: Unknown (internal:Unknown, unified:Unknown)
[2017.07.20-22.01.35:794][  0]LogD3D11RHI:      Driver Date: Unknown
[2017.07.20-22.01.35:794][  0]LogRHI: Texture pool is 1361 MB (70% of 1945 MB)
[2017.07.20-22.01.36:802][  0]LogD3D11RHI: Async texture creation enabled
[2017.07.20-22.01.36:950][  0]LogD3D11RHI: GPU Timing Frequency: 1000.000000 (Debug: 2 2)
[2017.07.20-22.01.36:950][  0]LogShaderCompilers: Guid format shader working directory is -28 characters bigger than the processId version (../../../../../../Users/Bruno/Documents/GitHub/Project_RoKar/Project_RoKar/Intermediate/Shaders/WorkingDirectory/5200/).
[2017.07.20-22.01.36:951][  0]LogShaderCompilers: Cleaned the shader compiler working directory 'C:/Users/Bruno/AppData/Local/Temp/UnrealShaderWorkingDir/B40557C9404B94071C2FC2B6E6C776FC/'.
[2017.07.20-22.01.36:951][  0]LogShaderCompilers:Display: Using Local Shader Compiler.
[2017.07.20-22.01.39:277][  0]LogTemp:Display: Loaded TP AllDesktopTargetPlatform
[2017.07.20-22.01.39:410][  0]LogTemp:Display: Loaded TP MacClientTargetPlatform
[2017.07.20-22.01.39:553][  0]LogTemp:Display: Loaded TP MacNoEditorTargetPlatform
[2017.07.20-22.01.39:687][  0]LogTemp:Display: Loaded TP MacServerTargetPlatform
[2017.07.20-22.01.39:816][  0]LogTemp:Display: Loaded TP MacTargetPlatform
[2017.07.20-22.01.39:947][  0]LogTemp:Display: Loaded TP WindowsClientTargetPlatform
[2017.07.20-22.01.40:075][  0]LogTemp:Display: Loaded TP WindowsNoEditorTargetPlatform
[2017.07.20-22.01.40:202][  0]LogTemp:Display: Loaded TP WindowsServerTargetPlatform
[2017.07.20-22.01.40:316][  0]LogTemp:Display: Loaded TP WindowsTargetPlatform
[2017.07.20-22.01.40:461][  0]LogTemp:Display: Loaded TP AndroidTargetPlatform
[2017.07.20-22.01.40:594][  0]LogTemp:Display: Loaded TP Android_ASTCTargetPlatform
[2017.07.20-22.01.40:717][  0]LogTemp:Display: Loaded TP Android_ATCTargetPlatform
[2017.07.20-22.01.40:846][  0]LogTemp:Display: Loaded TP Android_DXTTargetPlatform
[2017.07.20-22.01.40:970][  0]LogTemp:Display: Loaded TP Android_ETC1TargetPlatform
[2017.07.20-22.01.41:095][  0]LogTemp:Display: Loaded TP Android_ETC2TargetPlatform
[2017.07.20-22.01.41:345][  0]LogTemp:Display: Loaded TP Android_MultiTargetPlatform
[2017.07.20-22.01.41:346][  0]LogTemp:Display: Loaded TP Android_PVRTCTargetPlatform
[2017.07.20-22.01.41:452][  0]LogTemp:Display: Loaded TP HTML5TargetPlatform
[2017.07.20-22.01.41:660][  0]LogTemp:Display: Loaded TP IOSTargetPlatform
[2017.07.20-22.01.41:739][  0]LogTemp:Display: Loaded TP TVOSTargetPlatform
[2017.07.20-22.01.41:888][  0]LogTemp:Display: Loaded TP LinuxClientTargetPlatform
[2017.07.20-22.01.42:012][  0]LogTemp:Display: Loaded TP LinuxNoEditorTargetPlatform
[2017.07.20-22.01.42:138][  0]LogTemp:Display: Loaded TP LinuxServerTargetPlatform
[2017.07.20-22.01.42:262][  0]LogTemp:Display: Loaded TP LinuxTargetPlatform
[2017.07.20-22.01.42:262][  0]LogTargetPlatformManager:Display: Building Assets For Windows
[2017.07.20-22.01.43:710][  0]LogDerivedDataCache:Display: Max Cache Size: 512 MB
[2017.07.20-22.01.44:346][  0]LogDerivedDataCache: Loaded boot cache 0.64s 90MB C:/Users/Bruno/AppData/Local/UnrealEngine/4.16/DerivedDataCache/Boot.ddc.
[2017.07.20-22.01.44:346][  0]LogDerivedDataCache:Display: Loaded Boot cache: C:/Users/Bruno/AppData/Local/UnrealEngine/4.16/DerivedDataCache/Boot.ddc
[2017.07.20-22.01.44:346][  0]LogDerivedDataCache: FDerivedDataBackendGraph:  Pak pak cache file ../../../../../../Users/Bruno/Documents/GitHub/Project_RoKar/Project_RoKar/DerivedDataCache/DDC.ddp not found, will not use a pak cache.
[2017.07.20-22.01.44:346][  0]LogDerivedDataCache: Unable to find inner node Pak for hierarchical cache Hierarchy.
[2017.07.20-22.01.44:346][  0]LogDerivedDataCache: FDerivedDataBackendGraph:  CompressedPak pak cache file ../../../../../../Users/Bruno/Documents/GitHub/Project_RoKar/Project_RoKar/DerivedDataCache/Compressed.ddp not found, will not use a pak cache.
[2017.07.20-22.01.44:346][  0]LogDerivedDataCache: Unable to find inner node CompressedPak for hierarchical cache Hierarchy.
[2017.07.20-22.01.44:379][  0]LogDerivedDataCache:Display: Pak cache opened for reading ../../../Engine/DerivedDataCache/Compressed.ddp.
[2017.07.20-22.01.44:393][  0]LogDerivedDataCache: Using Local data cache path C:/Users/Bruno/AppData/Local/UnrealEngine/Common/DerivedDataCache: Writable
[2017.07.20-22.01.44:411][  0]LogMaterial: Verifying Global Shaders for PCD3D_SM5
[2017.07.20-22.01.44:411][  0]LogSlate: Using Freetype 2.6.0
[2017.07.20-22.01.44:412][  0]LogSlate: SlateFontCache - WITH_FREETYPE: 1, WITH_HARFBUZZ: 1
[2017.07.20-22.01.44:412][  0]LogSlate: SlateFontCache - WITH_FREETYPE: 1, WITH_HARFBUZZ: 1
[2017.07.20-22.01.45:006][  0]LogInit: Selected Device Profile: [Windows]
[2017.07.20-22.01.45:137][  0]LogContentStreaming: Texture pool size is 0.00 MB
[2017.07.20-22.01.45:490][  0]LogMeshUtilities: Using QuadricMeshReduction for automatic static mesh reduction
[2017.07.20-22.01.45:611][  0]LogSimplygon: Simplygon DLL not present - disabling.
[2017.07.20-22.01.45:735][  0]LogMeshUtilities: Using SimplygonSwarm for distributed automatic mesh merging
[2017.07.20-22.01.45:735][  0]LogMeshUtilities: No automatic skeletal mesh reduction module available
[2017.07.20-22.01.45:735][  0]LogMeshUtilities: No automatic mesh merging module available
[2017.07.20-22.01.46:934][  0]LogNetVersion: Project_RoKar , NetCL: 3452394, EngineNetVer: 2, GameNetVer: 0 (Checksum: 3736705352)
[2017.07.20-22.01.47:063][  0]LogAssetRegistry: FAssetRegistry took 0.0322 seconds to start up
[2017.07.20-22.01.47:199][  0]LogPackageLocalizationCache: Processed 4 localized package path(s) for 1 prioritized culture(s) in 0.041621 seconds
[2017.07.20-22.01.47:209][  0]LogUObjectArray: 34194 objects as part of root set at end of initial load.
[2017.07.20-22.01.47:209][  0]LogUObjectAllocator: 7260416 out of 0 bytes used by permanent object pool.
[2017.07.20-22.01.47:209][  0]LogUObjectArray: CloseDisregardForGC: 0/0 objects in disregard for GC pool
[2017.07.20-22.01.47:460][  0]LogInit: WinSock: version 1.1 (2.2), MaxSocks=32767, MaxUdp=65467
[2017.07.20-22.01.53:256][  0]LogTcpMessaging: Initializing TcpMessaging bridge
[2017.07.20-22.01.53:346][  0]LogUdpMessaging: Initializing bridge on interface 0.0.0.0:0 to multicast group 230.0.0.1:6666.
[2017.07.20-22.01.54:582][  0]LogMaterial: Uniform references updated for custom material expression Custom.
[2017.07.20-22.01.55:557][  0]SourceControl: Info Source control is disabled
[2017.07.20-22.01.55:561][  0]SourceControl: Info Source control is disabled
[2017.07.20-22.01.55:686][  0]SourceControl: Info Source control is disabled
[2017.07.20-22.01.55:805][  0]SourceControl: Info Source control is disabled
[2017.07.20-22.01.57:686][  0]LogAndroidPermission: UAndroidPermissionCallbackProxy::GetInstance
[2017.07.20-22.01.59:240][  0]LogEngine: Initializing Engine...
[2017.07.20-22.01.59:241][  0]LogHMD: Failed to initialize OpenVR with code 110
[2017.07.20-22.01.59:588][  0]LogStats: UGameplayTagsManager::ConstructGameplayTagTree: Construct from data asset -  0.000 s
[2017.07.20-22.01.59:588][  0]LogStats: UGameplayTagsManager::ConstructGameplayTagTree: GameplayTagTreeChangedEvent.Broadcast -  0.000 s
[2017.07.20-22.01.59:934][  0]LogAIModule: Creating AISystem for world Untitled
[2017.07.20-22.01.59:949][  0]LogInit: XAudio2 using 'Altavoces (2- Corsair Gaming H1500 Headset)' : 2 channels at 44.1 kHz using 16 bits per sample (channel mask 0x3)
[2017.07.20-22.01.59:960][  0]LogInit: FAudioDevice initialized.
[2017.07.20-22.02.00:030][  0]LogDerivedDataCache: Saved boot cache 0.07s 90MB C:/Users/Bruno/AppData/Local/UnrealEngine/4.16/DerivedDataCache/Boot.ddc.
[2017.07.20-22.02.00:049][  0]LogInit: Texture streaming: Enabled
[2017.07.20-22.02.00:320][  0]LogEngineSessionManager: EngineSessionManager initialized
[2017.07.20-22.02.00:887][  0]LogInit: Transaction tracking system initialized
[2017.07.20-22.02.01:709][  0]BlueprintLog: New page: Editor Load
[2017.07.20-22.02.04:189][  0]LocalizationService: Info Localization service is disabled
[2017.07.20-22.02.05:986][  0]LogConsoleResponse:Display: 
[2017.07.20-22.02.06:272][  0]LogCook:Display: Max memory allowance for cook 16384mb min free memory 0mb
[2017.07.20-22.02.06:272][  0]LogCook:Display: Mobile HDR setting 1
[2017.07.20-22.02.06:665][  0]LogFileCache: Scanning file cache for directory 'C:/Users/Bruno/Documents/GitHub/Project_RoKar/Project_RoKar/Content/' took 0.02s
[2017.07.20-22.02.08:925][  0]SourceControl: Info Source control is disabled
[2017.07.20-22.02.08:925][  0]Cmd: MAP LOAD FILE="../../../../../../Users/Bruno/Documents/GitHub/Project_RoKar/Project_RoKar/Content/Assets/Maps/Main.umap" TEMPLATE=0 SHOWPROGRESS=1 FEATURELEVEL=3
[2017.07.20-22.02.08:925][  0]LightingResults: New page: Lighting Build
[2017.07.20-22.02.09:031][  0]MapCheck: New page: Map Check
[2017.07.20-22.02.09:031][  0]LightingResults: New page: Lighting Build
[2017.07.20-22.02.09:870][  0]LogAIModule: Creating AISystem for world Main
[2017.07.20-22.02.09:895][  0]LogEditorServer: Finished looking for orphan Actors (0.000 secs)
[2017.07.20-22.02.09:912][  0]Cmd: MAP CHECKDEP NOCLEARLOG
[2017.07.20-22.02.10:034][  0]MapCheck: Info Map check complete: 0 Error(s), 0 Warning(s), took 121.399ms to complete.
[2017.07.20-22.02.10:034][  0]LogFileHelpers: Loading map 'Main' took 1.109
[2017.07.20-22.02.10:100][  0]LogWindowsTextInputMethodSystem:Display: IME system now deactivated.
[2017.07.20-22.02.10:270][  0]LogCollectionManager: Loaded 0 collections in 0.003855 seconds
[2017.07.20-22.02.10:435][  0]LogFileCache: Scanning file cache for directory 'C:/Users/Bruno/Documents/GitHub/Project_RoKar/Project_RoKar/Saved/Collections/' took 0.01s
[2017.07.20-22.02.10:435][  0]LogFileCache: Scanning file cache for directory 'C:/Users/Bruno/Documents/GitHub/Project_RoKar/Project_RoKar/Content/Developers/Bruno/Collections/' took 0.01s
[2017.07.20-22.02.10:435][  0]LogFileCache: Scanning file cache for directory 'C:/Users/Bruno/Documents/GitHub/Project_RoKar/Project_RoKar/Content/Collections/' took 0.01s
[2017.07.20-22.02.10:435][  0]LogCollectionManager: Rebuilt the GUID cache for 0 collections in 0.000002 seconds
[2017.07.20-22.02.10:452][  0]LogContentBrowser: Native class hierarchy populated in 0.0159 seconds. Added 2329 classes and 491 folders.
[2017.07.20-22.02.10:635][  0]LogContentBrowser: Native class hierarchy updated for 'WidgetCarousel' in 0.0010 seconds. Added 0 classes and 0 folders.
[2017.07.20-22.02.10:709][  0]LogContentBrowser: Native class hierarchy updated for 'AddContentDialog' in 0.0010 seconds. Added 0 classes and 0 folders.
[2017.07.20-22.02.10:822][  0]LogContentBrowser: Native class hierarchy updated for 'SceneOutliner' in 0.0011 seconds. Added 1 classes and 2 folders.
[2017.07.20-22.02.10:916][  0]LogCrashTracker: Crashtracker disabled due to settings.
[2017.07.20-22.02.10:922][  0]LogSlate: Took 0.000361 seconds to synchronously load lazily loaded font '../../../Engine/Content/Slate/Fonts/Roboto-Regular.ttf' (155K)
[2017.07.20-22.02.10:926][  0]LogSlate: Took 0.000273 seconds to synchronously load lazily loaded font '../../../Engine/Content/Slate/Fonts/Roboto-Bold.ttf' (160K)
[2017.07.20-22.02.10:946][  0]LogSlate: Took 0.001566 seconds to synchronously load lazily loaded font '../../../Engine/Content/Editor/Slate/Fonts/FontAwesome.ttf' (139K)
[2017.07.20-22.02.11:142][  0]LogUObjectGlobals:Warning: Failed to find object 'Class None.'
[2017.07.20-22.02.11:280][  0]LogContentBrowser: Native class hierarchy updated for 'HierarchicalLODOutliner' in 0.0010 seconds. Added 1 classes and 2 folders.
[2017.07.20-22.02.11:280][  0]LogLoad: (Engine Initialization) Total time: 41.30 seconds
[2017.07.20-22.02.11:280][  0]LogLoad: (Engine Initialization) Total Blueprint compile time: 0.14 seconds
[2017.07.20-22.02.11:280][  0]LogExternalProfiler: No external profilers were discovered.  External profiling features will not be available.
[2017.07.20-22.02.11:298][  0]LogOcInput: OculusInput pre-init called
[2017.07.20-22.02.11:298][  0]LogHMD: Starting GearVRController plugin
[2017.07.20-22.02.11:316][  0]LogContentStreaming: Texture pool size now 1000 MB
[2017.07.20-22.02.11:502][  0]LogRenderer: Reallocating scene render targets to support 728x284 NumSamples 1 (Frame:1).
[2017.07.20-22.02.11:562][  0]LogSlate: Took 0.000307 seconds to synchronously load lazily loaded font '../../../Engine/Content/Slate/Fonts/Roboto-Light.ttf' (159K)
[2017.07.20-22.02.11:665][  2]LogAssetRegistry: Asset discovery search completed in 24.6249 seconds
[2017.07.20-22.02.11:668][  2]LogCollectionManager: Rebuilt the object cache for 0 collections in 0.000001 seconds (found 0 objects)
[2017.07.20-22.02.11:669][  2]LogCollectionManager: Fixed up redirectors for 0 collections in 0.000062 seconds (updated 0 objects)
[2017.07.20-22.03.12:942][250]LogTemp: Repeting last play command: Selected Viewport
[2017.07.20-22.03.13:023][250]LogPlayLevel: PlayLevel: No blueprints needed recompiling
[2017.07.20-22.03.13:023][250]PIE: New page: PIE session: Main (20 Jul 2017 12:03:13)
[2017.07.20-22.03.13:024][250]LogPlayLevel: Creating play world package: /Game/Assets/Maps/UEDPIE_0_Main
[2017.07.20-22.03.13:071][250]LogPlayLevel: PIE: StaticDuplicateObject took: (0.047146s)
[2017.07.20-22.03.13:072][250]LogAIModule: Creating AISystem for world Main
[2017.07.20-22.03.13:072][250]LogPlayLevel: PIE: World Init took: (0.001717s)
[2017.07.20-22.03.13:074][250]LogPlayLevel: PIE: Created PIE world by copying editor world from /Game/Assets/Maps/Main.Main to /Game/Assets/Maps/UEDPIE_0_Main.Main (0.050307s)
[2017.07.20-22.03.13:094][250]LogInit: XAudio2 using 'Altavoces (2- Corsair Gaming H1500 Headset)' : 2 channels at 44.1 kHz using 16 bits per sample (channel mask 0x3)
[2017.07.20-22.03.13:102][250]LogInit: FAudioDevice initialized.
[2017.07.20-22.03.13:247][250]LogLoad: Game class is 'GM_FP_C'
[2017.07.20-22.03.13:259][250]LogWorld: Bringing World /Game/Assets/Maps/UEDPIE_0_Main.Main up for play (max tick rate 60) at 2017.07.20-17.03.13
[2017.07.20-22.03.13:261][250]LogWorld: Bringing up level for play took: 0.010840
[2017.07.20-22.03.13:369][250]LogContentBrowser: Native class hierarchy updated for 'MovieSceneCapture' in 0.0011 seconds. Added 11 classes and 0 folders.
[2017.07.20-22.03.13:371][250]PIE: Info Play in editor start time for /Game/Assets/Maps/UEDPIE_0_Main 0.307
[2017.07.20-22.03.16:756][446]MapCheck: New page: Map Check
[2017.07.20-22.03.16:803][446]Cmd: MAP REBUILD ALLVISIBLE
[2017.07.20-22.03.16:803][446]LogEditorServer: Rebuildmap Clear paths rebuilt
[2017.07.20-22.03.18:204][446]LogMaterial: Missing cached shader map for material FDebugViewModeMaterialProxy WorldGridMaterial, compiling. Is special engine material.
[2017.07.20-22.03.18:220][446]LogMaterial: Missing cached shader map for material FDebugViewModeMaterialProxy Door_sliped, compiling. 
[2017.07.20-22.03.18:231][446]LogMaterial: Missing cached shader map for material FDebugViewModeMaterialProxy M_Brick_Clay_Old, compiling. 
[2017.07.20-22.03.18:246][446]LogMaterial: Missing cached shader map for material FDebugViewModeMaterialProxy M_Wood_Floor_Walnut_Worn, compiling. 
[2017.07.20-22.03.18:258][446]LogMaterial: Missing cached shader map for material FDebugViewModeMaterialProxy M_Metal_Gold, compiling. 
[2017.07.20-22.03.18:268][446]LogMaterial: Missing cached shader map for material FDebugViewModeMaterialProxy M_Fire_SubUV, compiling. 
[2017.07.20-22.03.18:282][446]LogMaterial: Missing cached shader map for material FDebugViewModeMaterialProxy M_smoke_subUV, compiling. 
[2017.07.20-22.03.18:294][446]LogMaterial: Missing cached shader map for material FDebugViewModeMaterialProxy M_Radial_Gradient, compiling. 
[2017.07.20-22.03.18:307][446]LogMaterial: Missing cached shader map for material FDebugViewModeMaterialProxy M_Heat_Distortion, compiling. 
[2017.07.20-22.03.18:320][446]LogMaterial: Missing cached shader map for material FDebugViewModeMaterialProxy M_Dust_Particle, compiling. 
[2017.07.20-22.03.18:334][446]LogMaterial: Missing cached shader map for material FDebugViewModeMaterialProxy M_Metal_Copper, compiling. 
[2017.07.20-22.03.18:347][446]LogMaterial: Missing cached shader map for material FDebugViewModeMaterialProxy T_Wood_Oak_Mat, compiling. 
[2017.07.20-22.03.18:358][446]LogMaterial: Missing cached shader map for material FDebugViewModeMaterialProxy T_Wood_Pine_Mat, compiling. 
[2017.07.20-22.03.18:369][446]LogMaterial: Missing cached shader map for material FDebugViewModeMaterialProxy Wood_InterlockingFloor, compiling. 
[2017.07.20-22.03.18:380][446]LogMaterial: Missing cached shader map for material FDebugViewModeMaterialProxy M_Rock_Sandstone, compiling. 
[2017.07.20-22.03.18:391][446]LogMaterial: Missing cached shader map for material FDebugViewModeMaterialProxy Group_002Mat, compiling. 
[2017.07.20-22.03.20:267][446]TextureStreamingBuild:Display: Compiling optional shaders took 2.075 seconds.
[2017.07.20-22.03.20:288][446]LogLevel:Display: Export Material TexCoord Scales took 0.020 seconds.
[2017.07.20-22.03.20:356][446]TextureStreamingBuild:Display: Build Texture Streaming took 0.068 seconds.
[2017.07.20-22.03.20:377][446]LightingResults: New page: Lighting Build - 20 Jul 2017 12:03:20
[2017.07.20-22.03.20:452][446]LogSwarmInterface: [OpenConnection] Registering TCP channel ...
[2017.07.20-22.03.20:524][446]LogSwarmInterface: [OpenConnection] Connecting to agent ...
[2017.07.20-22.03.20:539][446]LogSwarmInterface: [TryOpenConnection] Testing the Agent
[2017.07.20-22.03.21:055][446]LogSwarmInterface: [TryOpenConnection] Opening Connection to Agent
[2017.07.20-22.03.21:055][446]LogSwarmInterface: [TryOpenConnection] Local Process ID is 5200
[2017.07.20-22.03.23:590][446]LogStaticLightingSystem:Warning: No importance volume found, so the scene bounding box was used.  You can optimize your scene's quality and lighting build times by adding importance volumes.
[2017.07.20-22.03.23:591][446]LogStaticLightingSystem: Running Lightmass w/ ImmediateImport mode ENABLED
[2017.07.20-22.03.23:591][446]LogStaticLightingSystem: Running Lightmass w/ ImmediateProcess mode ENABLED
[2017.07.20-22.03.23:591][446]LogStaticLightingSystem: Running Lightmass w/ Sorting mode ENABLED
[2017.07.20-22.03.23:591][446]LogStaticLightingSystem: Running Lightmass w/ Mapping paddings ENABLED
[2017.07.20-22.03.23:591][446]LogStaticLightingSystem: Running Lightmass w/ Mapping debug paddings DISABLED
[2017.07.20-22.03.23:837][446]Cmd: MAP CHECK DONTDISPLAYDIALOG
[2017.07.20-22.03.23:837][446]MapCheck: New page: Main - 20 Jul 2017 12:03:23
[2017.07.20-22.03.23:838][446]MapCheck:Warning: Warning FireTorchOBJ_90 Static mesh actor has NULL StaticMesh property 
[2017.07.20-22.03.23:838][446]MapCheck:Warning: Warning FireTorchOBJ_90 Static mesh actor has NULL StaticMesh property 
[2017.07.20-22.03.23:841][446]MapCheck:Error: Error WorldSettings_1 Maps need lighting rebuilt 
[2017.07.20-22.03.23:967][446]MapCheck: Info Map check complete: 1 Error(s), 2 Warning(s), took 129.387ms to complete.
[2017.07.20-22.03.23:990][446]LogEditorBuildUtils: Build time 0:07
[2017.07.20-22.03.24:018][446]LogMaterial: Missing cached shader map for material FLightmassMaterialRenderer Group_002Mat, compiling. 
[2017.07.20-22.03.24:032][446]LogMaterial: Missing cached shader map for material FLightmassMaterialRenderer Group_002Mat, compiling. 
[2017.07.20-22.03.56:534][ 55]Job is a success!
[2017.07.20-22.03.56:874][ 56]LogSlate: Took 0.000226 seconds to synchronously load lazily loaded font '../../../Engine/Content/Slate/Fonts/Roboto-Light.ttf' (159K)
[2017.07.20-22.03.57:516][ 56]LogMaterial:Warning: Material /Game/StarterContent/Architecture/Group_002Mat.Group_002Mat needed to have new flag set bUsedWithStaticLighting !
[2017.07.20-22.03.57:520][ 56]LogMaterial: Missing cached shader map for material Group_002Mat, compiling. 
[2017.07.20-22.04.00:425][ 56]LogTexture:Display: Building textures: HQ_Lightmap0_1 (AutoDXT, 512X512)
[2017.07.20-22.04.00:425][ 56]LogTexture:Display: Building textures: LQ_Lightmap_0_1 (DXT1, 512X512)
[2017.07.20-22.04.00:425][ 56]LogTexture:Display: Building textures: HQ_Lightmap1_2 (AutoDXT, 1024X1024)
[2017.07.20-22.04.00:425][ 56]LogTexture:Display: Building textures: LQ_Lightmap_1_2 (DXT1, 1024X1024)
[2017.07.20-22.04.00:425][ 56]LogTexture:Display: Building textures: HQ_Lightmap1_3 (AutoDXT, 1024X1024)
[2017.07.20-22.04.00:425][ 56]LogTexture:Display: Building textures: LQ_Lightmap_1_3 (DXT1, 1024X1024)
[2017.07.20-22.04.00:425][ 56]LogTexture:Display: Building textures: HQ_Lightmap0_4 (AutoDXT, 1024X1024)
[2017.07.20-22.04.00:425][ 56]LogTexture:Display: Building textures: LQ_Lightmap_0_4 (DXT1, 1024X1024)
[2017.07.20-22.04.00:425][ 56]LogTexture:Display: Building textures: HQ_Lightmap1_5 (AutoDXT, 1024X1024)
[2017.07.20-22.04.00:425][ 56]LogTexture:Display: Building textures: LQ_Lightmap_1_5 (DXT1, 1024X1024)
[2017.07.20-22.04.00:425][ 56]LogTexture:Display: Building textures: HQ_Lightmap0_6 (AutoDXT, 1024X1024)
[2017.07.20-22.04.00:425][ 56]LogTexture:Display: Building textures: LQ_Lightmap_0_6 (DXT1, 1024X1024)
[2017.07.20-22.04.00:425][ 56]LogTexture:Display: Building textures: HQ_Lightmap0_7 (AutoDXT, 1024X1024)
[2017.07.20-22.04.00:425][ 56]LogTexture:Display: Building textures: LQ_Lightmap_0_7 (DXT1, 1024X1024)
[2017.07.20-22.04.00:425][ 56]LogTexture:Display: Building textures: HQ_Lightmap0_8 (AutoDXT, 1024X1024)
[2017.07.20-22.04.00:425][ 56]LogTexture:Display: Building textures: LQ_Lightmap_0_8 (DXT1, 1024X1024)
[2017.07.20-22.04.00:425][ 56]LogTexture:Display: Building textures: HQ_Lightmap0_9 (AutoDXT, 1024X1024)
[2017.07.20-22.04.00:425][ 56]LogTexture:Display: Building textures: LQ_Lightmap_0_9 (DXT1, 1024X1024)
[2017.07.20-22.04.00:627][ 56]LogTexture:Display: Building textures: ShadowMapTexture2D_0 (G8, 128X256)
[2017.07.20-22.04.01:239][ 56]LogTexture:Display: Building textures: ShadowMapTexture2D_2 (BGRA8, 1024X1024)
[2017.07.20-22.04.01:239][ 56]LogTexture:Display: Building textures: ShadowMapTexture2D_3 (BGRA8, 1024X1024)
[2017.07.20-22.04.01:239][ 56]LogTexture:Display: Building textures: ShadowMapTexture2D_1 (BGRA8, 1024X1024)
[2017.07.20-22.04.01:436][ 56]LogTexture:Display: Building textures: ShadowMapTexture2D_4 (BGRA8, 512X128)
[2017.07.20-22.04.01:496][ 56]Lightmass on THESAFEHOUSE: 35.2 sec total, 788 ms importing, 582 ms setup, 2.54 sec photons, 31.3 sec processing, 0 ms extra exporting [603/603 mappings]. Threads: 3:39 min total, 2:30 min processing.
[2017.07.20-22.04.01:583][ 56]LogStaticLightingSystem: Illumination: 40.8 sec (2.80 sec encoding lightmaps, 1.01 sec encoding shadowmaps)
[2017.07.20-22.04.01:583][ 56]LogStaticLightingSystem: Lightmap texture memory:  16.5 MB (16.0 MB streaming, 0.5 MB non-streaming), 18 textures
[2017.07.20-22.04.01:583][ 56]LogStaticLightingSystem: Shadowmap texture memory: 16.4 MB (16.3 MB streaming, 0.0 MB non-streaming), 5 textures
[2017.07.20-22.04.01:620][ 56]DumpUnbuiltLightIteractions
[2017.07.20-22.04.01:620][ 56]Lights with unbuilt interactions: 0
[2017.07.20-22.04.01:620][ 56]
[2017.07.20-22.04.01:620][ 56]Primitives with unbuilt interactions: 0
[2017.07.20-22.04.01:631][ 57]Cmd: MAP CHECK NOTIFYRESULTS
[2017.07.20-22.04.01:632][ 57]MapCheck: New page: Main - 20 Jul 2017 12:04:01
[2017.07.20-22.04.01:633][ 57]MapCheck:Warning: Warning FireTorchOBJ_90 Static mesh actor has NULL StaticMesh property 
[2017.07.20-22.04.01:633][ 57]MapCheck:Warning: Warning FireTorchOBJ_90 Static mesh actor has NULL StaticMesh property 
[2017.07.20-22.04.01:820][ 57]MapCheck: Info Map check complete: 0 Error(s), 2 Warning(s), took 188.633ms to complete.
[2017.07.20-22.04.28:867][666]LogEditorViewport: Clicking on Actor (LMB): StaticMeshActor (Collumn_Group_4)
[2017.07.20-22.04.38:081][871]LogEditorViewport: Clicking on Actor (context menu): StaticMeshActor (Collumn_Group_4)
[2017.07.20-22.04.40:986][ 35]LogEditorViewport: Clicking Background
[2017.07.20-22.04.48:917][281]LogSavePackage: Save=981.51ms
[2017.07.20-22.04.48:917][281]LogSavePackage: Moving '../../../../../../Users/Bruno/Documents/GitHub/Project_RoKar/Project_RoKar/Saved/Main8D7A98F9492E1A801C4E898326C38A9F.tmp' to '../../../../../../Users/Bruno/Documents/GitHub/Project_RoKar/Project_RoKar/Content/Assets/Maps/Main.umap'
[2017.07.20-22.04.48:924][281]LogSavePackage:Display: Finished SavePackage ../../../../../../Users/Bruno/Documents/GitHub/Project_RoKar/Project_RoKar/Content/Assets/Maps/Main.umap
[2017.07.20-22.04.48:968][281]LogFileHelpers: Saving map 'Main' took 1.198
[2017.07.20-22.04.48:972][281]Cmd: OBJ SAVEPACKAGE PACKAGE="/Game/Assets/Maps/Main_BuiltData" FILE="../../../../../../Users/Bruno/Documents/GitHub/Project_RoKar/Project_RoKar/Content/Assets/Maps/Main_BuiltData.uasset" SILENT=true
[2017.07.20-22.04.49:866][281]LogSlate: Took 0.000278 seconds to synchronously load lazily loaded font '../../../Engine/Content/Slate/Fonts/Roboto-Regular.ttf' (155K)
[2017.07.20-22.04.49:910][281]LogSavePackage: Save=914.98ms
[2017.07.20-22.04.49:910][281]LogSavePackage: Moving '../../../../../../Users/Bruno/Documents/GitHub/Project_RoKar/Project_RoKar/Saved/Main_BuiltData7ED609084E68458BAD8BECABA549A186.tmp' to '../../../../../../Users/Bruno/Documents/GitHub/Project_RoKar/Project_RoKar/Content/Assets/Maps/Main_BuiltData.uasset'
[2017.07.20-22.04.49:918][281]LogSavePackage:Display: Finished SavePackage ../../../../../../Users/Bruno/Documents/GitHub/Project_RoKar/Project_RoKar/Content/Assets/Maps/Main_BuiltData.uasset
[2017.07.20-22.04.50:022][281]LogSavePackage: Save=19.59ms
[2017.07.20-22.04.50:022][281]LogSavePackage: Moving '../../../../../../Users/Bruno/Documents/GitHub/Project_RoKar/Project_RoKar/Saved/Group_002Mat70823BD74BC203DDA312589AFE13C61D.tmp' to '../../../../../../Users/Bruno/Documents/GitHub/Project_RoKar/Project_RoKar/Content/StarterContent/Architecture/Group_002Mat.uasset'
[2017.07.20-22.04.50:028][281]LogSavePackage:Display: Finished SavePackage ../../../../../../Users/Bruno/Documents/GitHub/Project_RoKar/Project_RoKar/Content/StarterContent/Architecture/Group_002Mat.uasset
[2017.07.20-22.04.50:136][281]LogWindowsTextInputMethodSystem:Display: IME system now deactivated.
[2017.07.20-22.04.50:353][282]Cmd: QUIT_EDITOR
[2017.07.20-22.04.50:646][282]LogExit: Preparing to exit.
[2017.07.20-22.04.51:584][282]LogDirectoryWatcher: A directory notification for 'C:/Users/Bruno/Documents/GitHub/Project_RoKar/Project_RoKar/Content/' was aborted.
[2017.07.20-22.04.51:616][282]LogExit: Editor shut down
[2017.07.20-22.04.51:622][282]LogExit: Transaction tracking system shut down
[2017.07.20-22.04.51:725][282]LogObj: Freed 0b from 0 cluster array pools.
[2017.07.20-22.04.51:725][282]LogExit: Object subsystem successfully closed.
[2017.07.20-22.04.51:761][282]LogD3D11RHI: Shutdown
[2017.07.20-22.04.51:761][282]LogD3D11RHI: CleanupD3DDevice
[2017.07.20-22.04.51:877][282]LogD3D11RHI: ~FD3D11DynamicRHI
[2017.07.20-22.04.51:911][282]LogModuleManager: Shutting down and abandoning module HierarchicalLODUtilities (528)
[2017.07.20-22.04.51:911][282]LogModuleManager: Shutting down and abandoning module MovieSceneCapture (526)
[2017.07.20-22.04.51:911][282]LogModuleManager: Shutting down and abandoning module HierarchicalLODOutliner (524)
[2017.07.20-22.04.51:911][282]LogModuleManager: Shutting down and abandoning module CrashTracker (522)
[2017.07.20-22.04.51:911][282]LogModuleManager: Shutting down and abandoning module SceneOutliner (520)
[2017.07.20-22.04.51:911][282]LogModuleManager: Shutting down and abandoning module AddContentDialog (518)
[2017.07.20-22.04.51:912][282]LogDirectoryWatcher: A directory notification for 'C:/Program Files/Epic Games/UE_4.16/FeaturePacks/' was aborted.
[2017.07.20-22.04.51:913][282]LogModuleManager: Shutting down and abandoning module WidgetCarousel (517)
[2017.07.20-22.04.51:913][282]LogModuleManager: Shutting down and abandoning module EditorWidgets (514)
[2017.07.20-22.04.51:913][282]LogModuleManager: Shutting down and abandoning module CollectionManager (512)
[2017.07.20-22.04.51:913][282]LogDirectoryWatcher: A directory notification for 'C:/Users/Bruno/Documents/GitHub/Project_RoKar/Project_RoKar/Content/Collections/' was aborted.
[2017.07.20-22.04.51:913][282]LogDirectoryWatcher: A directory notification for 'C:/Users/Bruno/Documents/GitHub/Project_RoKar/Project_RoKar/Content/Developers/Bruno/Collections/' was aborted.
[2017.07.20-22.04.51:913][282]LogDirectoryWatcher: A directory notification for 'C:/Users/Bruno/Documents/GitHub/Project_RoKar/Project_RoKar/Saved/Collections/' was aborted.
[2017.07.20-22.04.51:913][282]LogModuleManager: Shutting down and abandoning module StatsViewer (510)
[2017.07.20-22.04.51:913][282]LogModuleManager: Shutting down and abandoning module FoliageEdit (508)
[2017.07.20-22.04.51:913][282]LogModuleManager: Shutting down and abandoning module LandscapeEditor (506)
[2017.07.20-22.04.51:913][282]LogModuleManager: Shutting down and abandoning module MeshPaintMode (504)
[2017.07.20-22.04.51:914][282]LogModuleManager: Shutting down and abandoning module SceneDepthPickerMode (502)
[2017.07.20-22.04.51:914][282]LogModuleManager: Shutting down and abandoning module ActorPickerMode (500)
[2017.07.20-22.04.51:914][282]LogModuleManager: Shutting down and abandoning module GeometryMode (498)
[2017.07.20-22.04.51:914][282]LogModuleManager: Shutting down and abandoning module TextureAlignMode (496)
[2017.07.20-22.04.51:914][282]LogModuleManager: Shutting down and abandoning module BspMode (494)
[2017.07.20-22.04.51:914][282]LogModuleManager: Shutting down and abandoning module HardwareSurvey (492)
[2017.07.20-22.04.51:914][282]LogModuleManager: Shutting down and abandoning module SequenceRecorderSections (490)
[2017.07.20-22.04.51:914][282]LogModuleManager: Shutting down and abandoning module AutomationWorker (488)
[2017.07.20-22.04.51:914][282]LogModuleManager: Shutting down and abandoning module MatineeToLevelSequence (486)
[2017.07.20-22.04.51:914][282]LogModuleManager: Shutting down and abandoning module LevelSequenceEditor (484)
[2017.07.20-22.04.51:914][282]LogModuleManager: Shutting down and abandoning module PlacementMode (483)
[2017.07.20-22.04.51:914][282]LogModuleManager: Shutting down and abandoning module WmfMediaFactory (480)
[2017.07.20-22.04.51:914][282]LogModuleManager: Shutting down and abandoning module WmfMediaEditor (478)
[2017.07.20-22.04.51:914][282]LogModuleManager: Shutting down and abandoning module AvfMediaFactory (476)
[2017.07.20-22.04.51:914][282]LogModuleManager: Shutting down and abandoning module AvfMediaEditor (474)
[2017.07.20-22.04.51:914][282]LogModuleManager: Shutting down and abandoning module AndroidMediaFactory (472)
[2017.07.20-22.04.51:914][282]LogModuleManager: Shutting down and abandoning module Media (471)
[2017.07.20-22.04.51:914][282]LogModuleManager: Shutting down and abandoning module AndroidMediaEditor (468)
[2017.07.20-22.04.51:914][282]LogModuleManager: Shutting down and abandoning module CharacterAI (466)
[2017.07.20-22.04.51:914][282]LogModuleManager: Shutting down and abandoning module AudioCapture (464)
[2017.07.20-22.04.51:914][282]LogModuleManager: Shutting down and abandoning module SequenceRecorder (463)
[2017.07.20-22.04.51:914][282]LogModuleManager: Shutting down and abandoning module SmartSnapping (460)
[2017.07.20-22.04.51:914][282]LogModuleManager: Shutting down and abandoning module SessionServices (458)
[2017.07.20-22.04.51:914][282]LogModuleManager: Shutting down and abandoning module ViewportSnapping (456)
[2017.07.20-22.04.51:914][282]LogModuleManager: Shutting down and abandoning module ViewportInteraction (454)
[2017.07.20-22.04.51:914][282]LogModuleManager: Shutting down and abandoning module ClothPainter (452)
[2017.07.20-22.04.51:914][282]LogModuleManager: Shutting down and abandoning module LogVisualizer (450)
[2017.07.20-22.04.51:914][282]LogModuleManager: Shutting down and abandoning module IntroTutorials (448)
[2017.07.20-22.04.51:914][282]LogModuleManager: Shutting down and abandoning module GameProjectGeneration (447)
[2017.07.20-22.04.51:914][282]LogModuleManager: Shutting down and abandoning module EditorLiveStreaming (444)
[2017.07.20-22.04.51:914][282]LogModuleManager: Shutting down and abandoning module IOSPlatformEditor (442)
[2017.07.20-22.04.51:914][282]LogModuleManager: Shutting down and abandoning module HTML5PlatformEditor (440)
[2017.07.20-22.04.51:914][282]LogModuleManager: Shutting down and abandoning module AndroidPlatformEditor (438)
[2017.07.20-22.04.51:914][282]LogModuleManager: Shutting down and abandoning module AndroidDeviceDetection (437)
[2017.07.20-22.04.52:189][282]LogModuleManager: Shutting down and abandoning module IOSRuntimeSettings (434)
[2017.07.20-22.04.52:189][282]LogModuleManager: Shutting down and abandoning module AndroidRuntimeSettings (432)
[2017.07.20-22.04.52:189][282]LogModuleManager: Shutting down and abandoning module InputBindingEditor (430)
[2017.07.20-22.04.52:189][282]LogModuleManager: Shutting down and abandoning module MergeActors (428)
[2017.07.20-22.04.52:189][282]LogModuleManager: Shutting down and abandoning module SizeMap (426)
[2017.07.20-22.04.52:189][282]LogModuleManager: Shutting down and abandoning module TreeMap (424)
[2017.07.20-22.04.52:189][282]LogModuleManager: Shutting down and abandoning module ReferenceViewer (422)
[2017.07.20-22.04.52:189][282]LogModuleManager: Shutting down and abandoning module LocalizationDashboard (420)
[2017.07.20-22.04.52:189][282]LogModuleManager: Shutting down and abandoning module LocalizationService (419)
[2017.07.20-22.04.52:189][282]LogModuleManager: Shutting down and abandoning module HardwareTargeting (416)
[2017.07.20-22.04.52:190][282]LogModuleManager: Shutting down and abandoning module DeviceProfileEditor (414)
[2017.07.20-22.04.52:190][282]LogModuleManager: Shutting down and abandoning module UndoHistory (412)
[2017.07.20-22.04.52:190][282]LogModuleManager: Shutting down and abandoning module UserFeedback (410)
[2017.07.20-22.04.52:190][282]LogModuleManager: Shutting down and abandoning module XmlParser (408)
[2017.07.20-22.04.52:190][282]LogModuleManager: Shutting down and abandoning module Blutility (406)
[2017.07.20-22.04.52:190][282]LogModuleManager: Shutting down and abandoning module ProjectSettingsViewer (404)
[2017.07.20-22.04.52:190][282]LogModuleManager: Shutting down and abandoning module ProjectTargetPlatformEditor (403)
[2017.07.20-22.04.52:190][282]LogModuleManager: Shutting down and abandoning module EditorSettingsViewer (400)
[2017.07.20-22.04.52:190][282]LogModuleManager: Shutting down and abandoning module SettingsEditor (398)
[2017.07.20-22.04.52:190][282]LogModuleManager: Shutting down and abandoning module ProjectLauncher (396)
[2017.07.20-22.04.52:190][282]LogModuleManager: Shutting down and abandoning module SessionFrontend (394)
[2017.07.20-22.04.52:190][282]LogModuleManager: Shutting down and abandoning module ProfilerClient (392)
[2017.07.20-22.04.52:190][282]LogModuleManager: Shutting down and abandoning module DeviceManager (390)
[2017.07.20-22.04.52:190][282]LogModuleManager: Shutting down and abandoning module TargetDeviceServices (389)
[2017.07.20-22.04.52:234][282]LogModuleManager: Shutting down and abandoning module AutomationController (386)
[2017.07.20-22.04.52:234][282]LogModuleManager: Shutting down and abandoning module AutomationWindow (384)
[2017.07.20-22.04.52:234][282]LogModuleManager: Shutting down and abandoning module Layers (382)
[2017.07.20-22.04.52:234][282]LogModuleManager: Shutting down and abandoning module ComponentVisualizers (380)
[2017.07.20-22.04.52:234][282]LogModuleManager: Shutting down and abandoning module DetailCustomizations (378)
[2017.07.20-22.04.52:234][282]LogModuleManager: Shutting down and abandoning module PackagesDialog (376)
[2017.07.20-22.04.52:234][282]LogModuleManager: Shutting down and abandoning module Persona (374)
[2017.07.20-22.04.52:234][282]LogModuleManager: Shutting down and abandoning module AdvancedPreviewScene (373)
[2017.07.20-22.04.52:234][282]LogModuleManager: Shutting down and abandoning module AnimGraph (371)
[2017.07.20-22.04.52:234][282]LogModuleManager: Shutting down and abandoning module Kismet (368)
[2017.07.20-22.04.52:235][282]LogModuleManager: Shutting down and abandoning module ClassViewer (366)
[2017.07.20-22.04.52:235][282]LogModuleManager: Shutting down and abandoning module Toolbox (364)
[2017.07.20-22.04.52:235][282]LogModuleManager: Shutting down and abandoning module ModuleUI (362)
[2017.07.20-22.04.52:235][282]LogModuleManager: Shutting down and abandoning module MovieSceneTools (360)
[2017.07.20-22.04.52:235][282]LogModuleManager: Shutting down and abandoning module OutputLog (358)
[2017.07.20-22.04.52:235][282]LogModuleManager: Shutting down and abandoning module GammaUI (356)
[2017.07.20-22.04.52:235][282]LogModuleManager: Shutting down and abandoning module Documentation (354)
[2017.07.20-22.04.52:235][282]LogModuleManager: Shutting down and abandoning module MovieSceneTracks (352)
[2017.07.20-22.04.52:235][282]LogModuleManager: Shutting down and abandoning module MovieScene (350)
[2017.07.20-22.04.52:235][282]LogModuleManager: Shutting down and abandoning module Niagara (348)
[2017.07.20-22.04.52:235][282]LogModuleManager: Shutting down and abandoning module NiagaraEditor (347)
[2017.07.20-22.04.52:235][282]LogModuleManager: Shutting down and abandoning module StreamingPauseRendering (344)
[2017.07.20-22.04.52:235][282]LogModuleManager: Shutting down and abandoning module AnalyticsET (342)
[2017.07.20-22.04.52:235][282]LogModuleManager: Shutting down and abandoning module PortalServices (340)
[2017.07.20-22.04.52:235][282]LogModuleManager: Shutting down and abandoning module PortalRpc (338)
[2017.07.20-22.04.52:235][282]LogModuleManager: Shutting down and abandoning module MessagingRpc (336)
[2017.07.20-22.04.52:235][282]LogModuleManager: Shutting down and abandoning module AIModule (334)
[2017.07.20-22.04.52:235][282]LogModuleManager: Shutting down and abandoning module GameplayDebugger (333)
[2017.07.20-22.04.52:235][282]LogModuleManager: Shutting down and abandoning module AITestSuite (331)
[2017.07.20-22.04.52:235][282]LogModuleManager: Shutting down and abandoning module ProfilerService (328)
[2017.07.20-22.04.52:402][282]LogModuleManager: Shutting down and abandoning module TaskGraph (326)
[2017.07.20-22.04.52:402][282]LogModuleManager: Shutting down and abandoning module SteamVRController (324)
[2017.07.20-22.04.52:402][282]LogModuleManager: Shutting down and abandoning module SteamVR (322)
[2017.07.20-22.04.52:402][282]LogModuleManager: Shutting down and abandoning module ProceduralMeshComponentEditor (320)
[2017.07.20-22.04.52:402][282]LogModuleManager: Shutting down and abandoning module ProceduralMeshComponent (318)
[2017.07.20-22.04.52:402][282]LogModuleManager: Shutting down and abandoning module OculusLibrary (316)
[2017.07.20-22.04.52:402][282]LogModuleManager: Shutting down and abandoning module OculusInput (314)
[2017.07.20-22.04.52:402][282]LogModuleManager: Shutting down and abandoning module MobilePatchingUtils (312)
[2017.07.20-22.04.52:402][282]LogModuleManager: Shutting down and abandoning module CustomMeshComponent (310)
[2017.07.20-22.04.52:402][282]LogModuleManager: Shutting down and abandoning module CableComponent (308)
[2017.07.20-22.04.52:402][282]LogModuleManager: Shutting down and abandoning module ArchVisCharacter (306)
[2017.07.20-22.04.52:402][282]LogModuleManager: Shutting down and abandoning module AndroidPermission (304)
[2017.07.20-22.04.52:402][282]LogModuleManager: Shutting down and abandoning module MediaPlayerEditor (300)
[2017.07.20-22.04.52:403][282]LogModuleManager: Shutting down and abandoning module HTML5Networking (298)
[2017.07.20-22.04.52:403][282]LogModuleManager: Shutting down and abandoning module AlembicImporter (296)
[2017.07.20-22.04.52:403][282]LogModuleManager: Shutting down and abandoning module AlembicLibrary (295)
[2017.07.20-22.04.52:403][282]LogModuleManager: Shutting down and abandoning module GeometryCache (294)
[2017.07.20-22.04.52:403][282]LogModuleManager: Shutting down and abandoning module GeometryCacheEd (293)
[2017.07.20-22.04.52:403][282]LogModuleManager: Shutting down and abandoning module SuperSearchEditor (288)
[2017.07.20-22.04.52:403][282]LogModuleManager: Shutting down and abandoning module SuperSearch (287)
[2017.07.20-22.04.52:403][282]LogModuleManager: Shutting down and abandoning module SpeedTreeImporter (284)
[2017.07.20-22.04.52:403][282]LogModuleManager: Shutting down and abandoning module PluginBrowser (282)
[2017.07.20-22.04.52:403][282]LogModuleManager: Shutting down and abandoning module MobileLauncherProfileWizard (280)
[2017.07.20-22.04.52:403][282]LogModuleManager: Shutting down and abandoning module VisualStudioSourceCodeAccess (278)
[2017.07.20-22.04.52:403][282]LogModuleManager: Shutting down and abandoning module DesktopPlatform (277)
[2017.07.20-22.04.52:403][282]LogModuleManager: Shutting down and abandoning module UObjectPlugin (274)
[2017.07.20-22.04.52:403][282]LogModuleManager: Shutting down and abandoning module SubversionSourceControl (272)
[2017.07.20-22.04.52:403][282]LogModuleManager: Shutting down and abandoning module PerforceSourceControl (270)
[2017.07.20-22.04.52:403][282]LogModuleManager: Shutting down and abandoning module GitSourceControl (268)
[2017.07.20-22.04.52:403][282]LogModuleManager: Shutting down and abandoning module SourceControl (267)
[2017.07.20-22.04.52:403][282]LogModuleManager: Shutting down and abandoning module LightPropagationVolumeEditor (264)
[2017.07.20-22.04.52:403][282]LogModuleManager: Shutting down and abandoning module PaperTiledImporter (262)
[2017.07.20-22.04.52:403][282]LogModuleManager: Shutting down and abandoning module PaperSpriteSheetImporter (260)
[2017.07.20-22.04.52:403][282]LogModuleManager: Shutting down and abandoning module Paper2DEditor (258)
[2017.07.20-22.04.52:403][282]LogModuleManager: Shutting down and abandoning module MeshPaint (257)
[2017.07.20-22.04.52:403][282]LogModuleManager: Shutting down and abandoning module LevelEditor (255)
[2017.07.20-22.04.52:404][282]LogModuleManager: Shutting down and abandoning module PixelInspectorModule (254)
[2017.07.20-22.04.52:404][282]LogModuleManager: Shutting down and abandoning module MainFrame (252)
[2017.07.20-22.04.52:404][282]LogModuleManager: Shutting down and abandoning module HotReload (251)
[2017.07.20-22.04.52:405][282]LogModuleManager: Shutting down and abandoning module PhysXVehiclesEditor (246)
[2017.07.20-22.04.52:405][282]LogModuleManager: Shutting down and abandoning module PhysXVehicles (244)
[2017.07.20-22.04.52:405][282]LogModuleManager: Shutting down and abandoning module LocationServicesBPLibrary (242)
[2017.07.20-22.04.52:405][282]LogModuleManager: Shutting down and abandoning module ImmediatePhysicsEditor (240)
[2017.07.20-22.04.52:405][282]LogModuleManager: Shutting down and abandoning module ImmediatePhysics (238)
[2017.07.20-22.04.52:405][282]LogModuleManager: Shutting down and abandoning module UdpMessaging (236)
[2017.07.20-22.04.52:506][282]LogModuleManager: Shutting down and abandoning module TcpMessaging (234)
[2017.07.20-22.04.52:607][282]LogModuleManager: Shutting down and abandoning module GameplayTagsEditor (232)
[2017.07.20-22.04.52:607][282]LogModuleManager: Shutting down and abandoning module FacialAnimationEditor (230)
[2017.07.20-22.04.52:607][282]LogModuleManager: Shutting down and abandoning module FacialAnimation (228)
[2017.07.20-22.04.52:607][282]LogModuleManager: Shutting down and abandoning module AssetManagerEditor (226)
[2017.07.20-22.04.52:607][282]LogModuleManager: Shutting down and abandoning module GraphEditor (225)
[2017.07.20-22.04.52:607][282]LogModuleManager: Shutting down and abandoning module ContentBrowser (223)
[2017.07.20-22.04.52:608][282]LogModuleManager: Shutting down and abandoning module LightPropagationVolumeRuntime (220)
[2017.07.20-22.04.52:608][282]LogModuleManager: Shutting down and abandoning module Paper2D (218)
[2017.07.20-22.04.52:608][282]LogModuleManager: Shutting down and abandoning module WindowsMoviePlayer (216)
[2017.07.20-22.04.52:608][282]LogModuleManager: Shutting down and abandoning module WmfMedia (214)
[2017.07.20-22.04.52:608][282]LogModuleManager: Shutting down and abandoning module ClothingSystemEditor (212)
[2017.07.20-22.04.52:608][282]LogModuleManager: Shutting down and abandoning module ClothingSystemRuntime (210)
[2017.07.20-22.04.52:608][282]LogModuleManager: Shutting down and abandoning module MediaAssets (208)
[2017.07.20-22.04.52:608][282]LogModuleManager: Shutting down and abandoning module GameLiveStreaming (206)
[2017.07.20-22.04.52:609][282]LogModuleManager: Shutting down and abandoning module VREditor (204)
[2017.07.20-22.04.52:609][282]LogModuleManager: Shutting down and abandoning module StringTableEditor (202)
[2017.07.20-22.04.52:609][282]LogModuleManager: Shutting down and abandoning module GameplayTasksEditor (200)
[2017.07.20-22.04.52:609][282]LogModuleManager: Shutting down and abandoning module BehaviorTreeEditor (198)
[2017.07.20-22.04.52:609][282]LogModuleManager: Shutting down and abandoning module FunctionalTesting (196)
[2017.07.20-22.04.52:609][282]LogModuleManager: Shutting down and abandoning module CollisionAnalyzer (194)
[2017.07.20-22.04.52:609][282]LogModuleManager: Shutting down and abandoning module UMG (192)
[2017.07.20-22.04.52:609][282]LogModuleManager: Shutting down and abandoning module UMGEditor (191)
[2017.07.20-22.04.52:609][282]LogModuleManager: Shutting down and abandoning module Sequencer (190)
[2017.07.20-22.04.52:609][282]LogModuleManager: Shutting down and abandoning module AssetTools (188)
[2017.07.20-22.04.52:609][282]LogModuleManager: Shutting down and abandoning module MessageLog (187)
[2017.07.20-22.04.52:609][282]LogModuleManager: Shutting down and abandoning module WorkspaceMenuStructure (186)
[2017.07.20-22.04.52:609][282]LogModuleManager: Shutting down and abandoning module SlateReflector (180)
[2017.07.20-22.04.52:609][282]LogModuleManager: Shutting down and abandoning module Slate (178)
[2017.07.20-22.04.52:609][282]LogModuleManager: Shutting down and abandoning module EditorStyle (176)
[2017.07.20-22.04.52:613][282]LogModuleManager: Shutting down and abandoning module SourceCodeAccess (174)
[2017.07.20-22.04.52:613][282]LogModuleManager: Shutting down and abandoning module HeadMountedDisplay (172)
[2017.07.20-22.04.52:613][282]LogModuleManager: Shutting down and abandoning module XAudio2 (170)
[2017.07.20-22.04.52:613][282]LogModuleManager: Shutting down and abandoning module Networking (168)
[2017.07.20-22.04.52:613][282]LogModuleManager: Shutting down and abandoning module Core (164)
[2017.07.20-22.04.52:613][282]LogModuleManager: Shutting down and abandoning module AssetRegistry (162)
[2017.07.20-22.04.52:731][282]LogDirectoryWatcher: A directory notification for '../../../Engine/Content/' was aborted.
[2017.07.20-22.04.52:731][282]LogDirectoryWatcher: A directory notification for '../../../../../../Users/Bruno/Documents/GitHub/Project_RoKar/Project_RoKar/Content/' was aborted.
[2017.07.20-22.04.52:731][282]LogDirectoryWatcher: A directory notification for '../../../Engine/Plugins/2D/Paper2D/Content/' was aborted.
[2017.07.20-22.04.52:731][282]LogDirectoryWatcher: A directory notification for '../../../Engine/Plugins/Runtime/GearVR/Content/' was aborted.
[2017.07.20-22.04.52:735][282]LogModuleManager: Shutting down and abandoning module DirectoryWatcher (161)
[2017.07.20-22.04.52:736][282]LogModuleManager: Shutting down and abandoning module KismetCompiler (158)
[2017.07.20-22.04.52:736][282]LogModuleManager: Shutting down and abandoning module LevelSequence (156)
[2017.07.20-22.04.52:736][282]LogModuleManager: Shutting down and abandoning module PhysXFormats (154)
[2017.07.20-22.04.52:736][282]LogModuleManager: Shutting down and abandoning module MeshUtilities (152)
[2017.07.20-22.04.52:736][282]LogModuleManager: Shutting down and abandoning module SimplygonSwarm (151)
[2017.07.20-22.04.52:736][282]LogModuleManager: Shutting down and abandoning module SimplygonMeshReduction (149)
[2017.07.20-22.04.52:736][282]LogModuleManager: Shutting down and abandoning module QuadricMeshReduction (147)
[2017.07.20-22.04.52:736][282]LogModuleManager: Shutting down and abandoning module DerivedDataCache (144)
[2017.07.20-22.04.52:804][282]LogDerivedDataCache: Shutdown
[2017.07.20-22.04.52:804][282]LogModuleManager: Shutting down and abandoning module TargetPlatform (142)
[2017.07.20-22.04.52:804][282]LogModuleManager: Shutting down and abandoning module VulkanShaderFormat (141)
[2017.07.20-22.04.52:804][282]LogModuleManager: Shutting down and abandoning module ShaderFormatVectorVM (139)
[2017.07.20-22.04.52:804][282]LogModuleManager: Shutting down and abandoning module ShaderFormatOpenGL (137)
[2017.07.20-22.04.52:804][282]LogModuleManager: Shutting down and abandoning module ShaderFormatD3D (135)
[2017.07.20-22.04.52:804][282]LogModuleManager: Shutting down and abandoning module MetalShaderFormat (133)
[2017.07.20-22.04.52:804][282]LogModuleManager: Shutting down and abandoning module TextureFormatUncompressed (131)
[2017.07.20-22.04.52:805][282]LogModuleManager: Shutting down and abandoning module TextureFormatPVR (129)
[2017.07.20-22.04.52:805][282]LogModuleManager: Shutting down and abandoning module TextureFormatDXT (127)
[2017.07.20-22.04.52:805][282]LogModuleManager: Shutting down and abandoning module TextureFormatIntelISPCTexComp (125)
[2017.07.20-22.04.52:805][282]LogModuleManager: Shutting down and abandoning module TextureFormatASTC (123)
[2017.07.20-22.04.52:805][282]LogModuleManager: Shutting down and abandoning module ImageWrapper (122)
[2017.07.20-22.04.52:805][282]LogModuleManager: Shutting down and abandoning module TextureFormatAndroid (119)
[2017.07.20-22.04.52:805][282]LogModuleManager: Shutting down and abandoning module AudioFormatOpus (117)
[2017.07.20-22.04.52:805][282]LogModuleManager: Shutting down and abandoning module AudioFormatOgg (115)
[2017.07.20-22.04.52:805][282]LogModuleManager: Shutting down and abandoning module AudioFormatADPCM (113)
[2017.07.20-22.04.52:805][282]LogModuleManager: Shutting down and abandoning module LinuxTargetPlatform (111)
[2017.07.20-22.04.52:805][282]LogModuleManager: Shutting down and abandoning module LinuxServerTargetPlatform (109)
[2017.07.20-22.04.52:805][282]LogModuleManager: Shutting down and abandoning module LinuxNoEditorTargetPlatform (107)
[2017.07.20-22.04.52:805][282]LogModuleManager: Shutting down and abandoning module LinuxClientTargetPlatform (105)
[2017.07.20-22.04.52:805][282]LogModuleManager: Shutting down and abandoning module TVOSTargetPlatform (103)
[2017.07.20-22.04.52:805][282]LogModuleManager: Shutting down and abandoning module Messaging (101)
[2017.07.20-22.04.52:805][282]LogModuleManager: Shutting down and abandoning module IOSTargetPlatform (99)
[2017.07.20-22.04.52:805][282]LogModuleManager: Shutting down and abandoning module HTML5TargetPlatform (97)
[2017.07.20-22.04.52:805][282]LogModuleManager: Shutting down and abandoning module Android_PVRTCTargetPlatform (95)
[2017.07.20-22.04.52:805][282]LogModuleManager: Shutting down and abandoning module Android_MultiTargetPlatform (93)
[2017.07.20-22.04.52:805][282]LogModuleManager: Shutting down and abandoning module Android_ETC2TargetPlatform (91)
[2017.07.20-22.04.52:805][282]LogModuleManager: Shutting down and abandoning module Android_ETC1TargetPlatform (89)
[2017.07.20-22.04.52:805][282]LogModuleManager: Shutting down and abandoning module Android_DXTTargetPlatform (87)
[2017.07.20-22.04.52:805][282]LogModuleManager: Shutting down and abandoning module Android_ATCTargetPlatform (85)
[2017.07.20-22.04.52:805][282]LogModuleManager: Shutting down and abandoning module Android_ASTCTargetPlatform (83)
[2017.07.20-22.04.52:805][282]LogModuleManager: Shutting down and abandoning module AndroidTargetPlatform (81)
[2017.07.20-22.04.52:805][282]LogModuleManager: Shutting down and abandoning module WindowsTargetPlatform (79)
[2017.07.20-22.04.52:805][282]LogModuleManager: Shutting down and abandoning module WindowsServerTargetPlatform (77)
[2017.07.20-22.04.52:805][282]LogModuleManager: Shutting down and abandoning module WindowsNoEditorTargetPlatform (75)
[2017.07.20-22.04.52:805][282]LogModuleManager: Shutting down and abandoning module WindowsClientTargetPlatform (73)
[2017.07.20-22.04.52:805][282]LogModuleManager: Shutting down and abandoning module MacTargetPlatform (71)
[2017.07.20-22.04.52:805][282]LogModuleManager: Shutting down and abandoning module MacServerTargetPlatform (69)
[2017.07.20-22.04.52:805][282]LogModuleManager: Shutting down and abandoning module MacNoEditorTargetPlatform (67)
[2017.07.20-22.04.52:805][282]LogModuleManager: Shutting down and abandoning module MacClientTargetPlatform (65)
[2017.07.20-22.04.52:805][282]LogModuleManager: Shutting down and abandoning module AllDesktopTargetPlatform (63)
[2017.07.20-22.04.52:805][282]LogModuleManager: Shutting down and abandoning module InputCore (60)
[2017.07.20-22.04.52:805][282]LogModuleManager: Shutting down and abandoning module Settings (58)
[2017.07.20-22.04.52:805][282]LogModuleManager: Shutting down and abandoning module OculusRift (56)
[2017.07.20-22.04.52:805][282]LogModuleManager: Shutting down and abandoning module GearVRController (54)
[2017.07.20-22.04.52:805][282]LogModuleManager: Shutting down and abandoning module GearVR (52)
[2017.07.20-22.04.52:805][282]LogModuleManager: Shutting down and abandoning module ExampleDeviceProfileSelector (50)
[2017.07.20-22.04.52:805][282]LogModuleManager: Shutting down and abandoning module OnlineBlueprintSupport (48)
[2017.07.20-22.04.52:805][282]LogModuleManager: Shutting down and abandoning module OnlineSubsystem (44)
[2017.07.20-22.04.52:805][282]LogOnline:Display: Unloading online subsystem: NULL
[2017.07.20-22.04.52:805][282]LogModuleManager: Shutting down and abandoning module XMPP (43)
[2017.07.20-22.04.52:805][282]LogModuleManager: Shutting down and abandoning module HTTP (41)
[2017.07.20-22.04.52:805][282]LogHttp:Display: Http module shutting down, but needs to wait on 1 outstanding Http requests:
[2017.07.20-22.04.52:805][282]LogHttp:Display: 	verb=[POST] url=[https://datarouter.ol.epicgames.com/datarouter/api/v1/public/data?SessionID=%7B03AA06F9-493A-7D97-E98A-5AAE55BDFFEE%7D&AppID=UEEditor.Rocket.Release&AppVersion=4.16.2-3514769%2B%2B%2BUE4%2BRelease-4.16&UserID=9955137b4f458d321fb6c58d37563ce7%7C94954863c4b04293ac4fdae6fdfe962a%7C10bb2f4e-e5ca-4ed5-9e61-507ad8b2a3f8&AppEnvironment=datacollector-binary&UploadType=eteventstream] status=Processing
[2017.07.20-22.04.52:840][282]LogModuleManager: Shutting down and abandoning module SSL (40)
[2017.07.20-22.04.52:842][282]LogModuleManager: Shutting down and abandoning module HTTPChunkInstaller (36)
[2017.07.20-22.04.52:842][282]LogModuleManager: Shutting down and abandoning module AnimationModifiers (34)
[2017.07.20-22.04.52:842][282]LogModuleManager: Shutting down and abandoning module PropertyEditor (33)
[2017.07.20-22.04.52:842][282]LogModuleManager: Shutting down and abandoning module AudioEditor (30)
[2017.07.20-22.04.52:843][282]LogModuleManager: Shutting down and abandoning module TextureCompressor (28)
[2017.07.20-22.04.52:843][282]LogModuleManager: Shutting down and abandoning module ShaderCore (26)
[2017.07.20-22.04.52:843][282]LogModuleManager: Shutting down and abandoning module Landscape (24)
[2017.07.20-22.04.52:843][282]LogModuleManager: Shutting down and abandoning module SlateRHIRenderer (22)
[2017.07.20-22.04.52:843][282]LogModuleManager: Shutting down and abandoning module OpenGLDrv (20)
[2017.07.20-22.04.52:844][282]LogModuleManager: Shutting down and abandoning module D3D11RHI (18)
[2017.07.20-22.04.52:844][282]LogModuleManager: Shutting down and abandoning module AnimGraphRuntime (16)
[2017.07.20-22.04.52:844][282]LogModuleManager: Shutting down and abandoning module Renderer (14)
[2017.07.20-22.04.52:844][282]LogModuleManager: Shutting down and abandoning module Engine (12)
[2017.07.20-22.04.52:844][282]LogModuleManager: Shutting down and abandoning module CoreUObject (10)
[2017.07.20-22.04.52:844][282]LogModuleManager: Shutting down and abandoning module NetworkFile (8)
[2017.07.20-22.04.52:844][282]LogModuleManager: Shutting down and abandoning module StreamingFile (6)
[2017.07.20-22.04.52:844][282]LogModuleManager: Shutting down and abandoning module SandboxFile (4)
[2017.07.20-22.04.52:844][282]LogModuleManager: Shutting down and abandoning module PakFile (2)
[2017.07.20-22.04.52:846][282]LogExit: Exiting.
[2017.07.20-22.04.52:865][282]Log file closed, 07/20/17 17:04:52
