Log file open, 07/19/17 22:45:02
LogInit:Display: Running engine for game: Project_RoKar
LogPlatformFile: Not using cached read wrapper
LogInit:Display: RandInit(-1101865656) SRandInit(-1101865656).
LogTaskGraph: Started task graph with 5 named threads and 8 total threads with 1 sets of task threads.
LogStats: Stats thread started at 0.105483
LogInit: Using libcurl 7.47.1
LogInit:  - built for x86_64-pc-win32
LogInit:  - supports SSL with OpenSSL/1.0.2g
LogInit:  - supports HTTP deflate (compression) using libz 1.2.8
LogInit:  - other features:
LogInit:      CURL_VERSION_SSL
LogInit:      CURL_VERSION_LIBZ
LogInit:      CURL_VERSION_IPV6
LogInit:      CURL_VERSION_ASYNCHDNS
LogInit:      CURL_VERSION_LARGEFILE
LogInit:      CURL_VERSION_IDN
LogInit:  CurlRequestOptions (configurable via config and command line):
LogInit:  - bVerifyPeer = false  - Libcurl will NOT verify peer certificate
LogInit:  - bUseHttpProxy = false  - Libcurl will NOT use HTTP proxy
LogInit:  - bDontReuseConnections = false  - Libcurl will reuse connections
LogInit:  - CertBundlePath = nullptr  - Libcurl will use whatever was configured at build time.
LogInit: Build: ++UE4+Release-4.16-CL-3514769
LogInit: Engine Version: 4.16.2-3514769+++UE4+Release-4.16
LogInit: Compatible Engine Version: 4.16.0-3452394+++UE4+Release-4.16
LogInit: Net CL: 3452394
LogDevObjectVersion: Number of dev versions registered: 16
LogDevObjectVersion:   Dev-Blueprints (B0D832E4-1F89-4F0D-ACCF-7EB736FD4AA2): 9
LogDevObjectVersion:   Dev-Build (E1C64328-A22C-4D53-A36C-8E866417BD8C): 0
LogDevObjectVersion:   Dev-Core (375EC13C-06E4-48FB-B500-84F0262A717E): 2
LogDevObjectVersion:   Dev-Editor (E4B068ED-F494-42E9-A231-DA0B2E46BB41): 17
LogDevObjectVersion:   Dev-Framework (CFFC743F-43B0-4480-9391-14DF171D2073): 23
LogDevObjectVersion:   Dev-Mobile (B02B49B5-BB20-44E9-A304-32B752E40360): 0
LogDevObjectVersion:   Dev-Networking (A4E4105C-59A1-49B5-A7C5-40C4547EDFEE): 0
LogDevObjectVersion:   Dev-Online (39C831C9-5AE6-47DC-9A44-9C173E1C8E7C): 0
LogDevObjectVersion:   Dev-Physics (78F01B33-EBEA-4F98-B9B4-84EACCB95AA2): 0
LogDevObjectVersion:   Dev-Platform (6631380F-2D4D-43E0-8009-CF276956A95A): 0
LogDevObjectVersion:   Dev-Rendering (12F88B9F-8875-4AFC-A67C-D90C383ABD29): 15
LogDevObjectVersion:   Dev-Sequencer (7B5AE74C-D270-4C10-A958-57980B212A5A): 4
LogDevObjectVersion:   Dev-VR (D7296918-1DD6-4BDD-9DE2-64A83CC13884): 0
LogDevObjectVersion:   Dev-LoadTimes (C2A15278-BFE7-4AFE-6C17-90FF531DF755): 1
LogDevObjectVersion:   Private-Geometry (6EACA3D4-40EC-4CC1-B786-8BED09428FC5): 1
LogDevObjectVersion:   Dev-AnimPhys (29E575DD-E0A3-4627-9D10-D276232CDCEA): 3
LogInit: Compiled (64-bit): Jun 29 2017 02:03:24
LogInit: Compiled with Visual C++: 19.00.24215.01
LogInit: Build Configuration: Development
LogInit: Branch Name: ++UE4+Release-4.16
LogInit: Command line:  
LogInit: Base directory: C:/Program Files/Epic Games/UE_4.16/Engine/Binaries/Win64/
LogInit: Installed Engine Build: 1
LogInit: Presizing for max 8388607 objects, including 0 objects not considered by GC, pre-allocating 0 bytes for permanent pool.
LogInit: Object subsystem initialized
[2017.07.20-03.45.03:850][  0]LogInit: Selected Device Profile: [Windows]
[2017.07.20-03.45.03:850][  0]LogInit: Applying CVar settings loaded from the selected device profile: [Windows]
[2017.07.20-03.45.03:886][  0]LogInit: Computer: THESAFEHOUSE
[2017.07.20-03.45.03:886][  0]LogInit: User: Bruno
[2017.07.20-03.45.03:886][  0]LogInit: CPU Page size=4096, Cores=4
[2017.07.20-03.45.03:886][  0]LogInit: High frequency timer resolution =2.435766 MHz
[2017.07.20-03.45.03:887][  0]LogMemory: Memory total: Physical=7.9GB (8GB approx)
[2017.07.20-03.45.03:887][  0]LogMemory: Platform Memory Stats for Windows
[2017.07.20-03.45.03:887][  0]LogMemory: Process Physical Memory: 270.11 MB used, 270.11 MB peak
[2017.07.20-03.45.03:887][  0]LogMemory: Process Virtual Memory: 260.84 MB used, 260.84 MB peak
[2017.07.20-03.45.03:887][  0]LogMemory: Physical Memory: 5875.39 MB used,  2228.88 MB free, 8104.27 MB total
[2017.07.20-03.45.03:887][  0]LogMemory: Virtual Memory: 616.86 MB used,  2228.88 MB free, 134217728.00 MB total
[2017.07.20-03.45.04:057][  0]LogInit: Using OS detected language (es-ES).
[2017.07.20-03.45.04:057][  0]LogInit: Using OS detected locale (en-GB).
[2017.07.20-03.45.04:062][  0]LogTextLocalizationManager: No specific localization for 'es-ES' exists, so the 'es' localization will be used.
[2017.07.20-03.45.05:252][  0]LogD3D11RHI: D3D11 adapters:
[2017.07.20-03.45.06:091][  0]LogD3D11RHI:    0. 'NVIDIA GeForce GTX 860M' (Feature Level 11_0)
[2017.07.20-03.45.06:091][  0]LogD3D11RHI:       1980/0/4052 MB DedicatedVideo/DedicatedSystem/SharedSystem, Outputs:1, VendorId:0x10de
[2017.07.20-03.45.06:100][  0]LogD3D11RHI:    1. 'Intel(R) HD Graphics 4600' (Feature Level 11_0)
[2017.07.20-03.45.06:100][  0]LogD3D11RHI:       0/0/1792 MB DedicatedVideo/DedicatedSystem/SharedSystem, Outputs:0, VendorId:0x8086
[2017.07.20-03.45.06:101][  0]LogD3D11RHI:    2. 'Microsoft Basic Render Driver' (Feature Level 11_0)
[2017.07.20-03.45.06:101][  0]LogD3D11RHI:       0/0/256 MB DedicatedVideo/DedicatedSystem/SharedSystem, Outputs:0, VendorId:0x1414
[2017.07.20-03.45.06:101][  0]LogD3D11RHI: Chosen D3D11 Adapter: 0
[2017.07.20-03.45.06:108][  0]LogD3D11RHI: Creating new Direct3DDevice
[2017.07.20-03.45.06:108][  0]LogD3D11RHI:     GPU DeviceId: 0x1392 (for the marketing name, search the web for "GPU Device Id")
[2017.07.20-03.45.06:108][  0]LogWindows: EnumDisplayDevices:
[2017.07.20-03.45.06:108][  0]LogWindows:    0. 'Intel(R) HD Graphics 4600' (P:1 D:1)
[2017.07.20-03.45.06:108][  0]LogWindows:    1. 'Intel(R) HD Graphics 4600' (P:0 D:0)
[2017.07.20-03.45.06:108][  0]LogWindows:    2. 'Intel(R) HD Graphics 4600' (P:0 D:0)
[2017.07.20-03.45.06:108][  0]LogWindows: DebugString: PrimaryIsNotTheChoosenAdapter PrimaryIsNotTheChoosenAdapter PrimaryIsNotTheChoosenAdapter FoundDriverCount:0 
[2017.07.20-03.45.06:108][  0]LogD3D11RHI:     Adapter Name: NVIDIA GeForce GTX 860M
[2017.07.20-03.45.06:108][  0]LogD3D11RHI:   Driver Version: Unknown (internal:Unknown, unified:Unknown)
[2017.07.20-03.45.06:108][  0]LogD3D11RHI:      Driver Date: Unknown
[2017.07.20-03.45.06:108][  0]LogRHI: Texture pool is 1361 MB (70% of 1945 MB)
[2017.07.20-03.45.06:897][  0]LogD3D11RHI: Async texture creation enabled
[2017.07.20-03.45.06:941][  0]LogD3D11RHI: GPU Timing Frequency: 1000.000000 (Debug: 2 2)
[2017.07.20-03.45.06:942][  0]LogShaderCompilers: Guid format shader working directory is -28 characters bigger than the processId version (../../../../../../Users/Bruno/Documents/GitHub/Project_RoKar/Project_RoKar/Intermediate/Shaders/WorkingDirectory/2400/).
[2017.07.20-03.45.06:942][  0]LogShaderCompilers: Cleaned the shader compiler working directory 'C:/Users/Bruno/AppData/Local/Temp/UnrealShaderWorkingDir/C2A64D3E4681181E820F9BA1E1EFDDEE/'.
[2017.07.20-03.45.06:942][  0]LogShaderCompilers:Display: Using Local Shader Compiler.
[2017.07.20-03.45.08:812][  0]LogTemp:Display: Loaded TP AllDesktopTargetPlatform
[2017.07.20-03.45.08:909][  0]LogTemp:Display: Loaded TP MacClientTargetPlatform
[2017.07.20-03.45.09:003][  0]LogTemp:Display: Loaded TP MacNoEditorTargetPlatform
[2017.07.20-03.45.09:098][  0]LogTemp:Display: Loaded TP MacServerTargetPlatform
[2017.07.20-03.45.09:194][  0]LogTemp:Display: Loaded TP MacTargetPlatform
[2017.07.20-03.45.09:300][  0]LogTemp:Display: Loaded TP WindowsClientTargetPlatform
[2017.07.20-03.45.09:395][  0]LogTemp:Display: Loaded TP WindowsNoEditorTargetPlatform
[2017.07.20-03.45.09:492][  0]LogTemp:Display: Loaded TP WindowsServerTargetPlatform
[2017.07.20-03.45.09:579][  0]LogTemp:Display: Loaded TP WindowsTargetPlatform
[2017.07.20-03.45.09:679][  0]LogTemp:Display: Loaded TP AndroidTargetPlatform
[2017.07.20-03.45.09:774][  0]LogTemp:Display: Loaded TP Android_ASTCTargetPlatform
[2017.07.20-03.45.09:871][  0]LogTemp:Display: Loaded TP Android_ATCTargetPlatform
[2017.07.20-03.45.09:965][  0]LogTemp:Display: Loaded TP Android_DXTTargetPlatform
[2017.07.20-03.45.10:059][  0]LogTemp:Display: Loaded TP Android_ETC1TargetPlatform
[2017.07.20-03.45.10:156][  0]LogTemp:Display: Loaded TP Android_ETC2TargetPlatform
[2017.07.20-03.45.10:346][  0]LogTemp:Display: Loaded TP Android_MultiTargetPlatform
[2017.07.20-03.45.10:347][  0]LogTemp:Display: Loaded TP Android_PVRTCTargetPlatform
[2017.07.20-03.45.10:429][  0]LogTemp:Display: Loaded TP HTML5TargetPlatform
[2017.07.20-03.45.10:595][  0]LogTemp:Display: Loaded TP IOSTargetPlatform
[2017.07.20-03.45.10:656][  0]LogTemp:Display: Loaded TP TVOSTargetPlatform
[2017.07.20-03.45.10:750][  0]LogTemp:Display: Loaded TP LinuxClientTargetPlatform
[2017.07.20-03.45.10:843][  0]LogTemp:Display: Loaded TP LinuxNoEditorTargetPlatform
[2017.07.20-03.45.10:944][  0]LogTemp:Display: Loaded TP LinuxServerTargetPlatform
[2017.07.20-03.45.11:039][  0]LogTemp:Display: Loaded TP LinuxTargetPlatform
[2017.07.20-03.45.11:039][  0]LogTargetPlatformManager:Display: Building Assets For Windows
[2017.07.20-03.45.12:060][  0]LogDerivedDataCache:Display: Max Cache Size: 512 MB
[2017.07.20-03.45.12:213][  0]LogDerivedDataCache: Loaded boot cache 0.15s 90MB C:/Users/Bruno/AppData/Local/UnrealEngine/4.16/DerivedDataCache/Boot.ddc.
[2017.07.20-03.45.12:214][  0]LogDerivedDataCache:Display: Loaded Boot cache: C:/Users/Bruno/AppData/Local/UnrealEngine/4.16/DerivedDataCache/Boot.ddc
[2017.07.20-03.45.12:214][  0]LogDerivedDataCache: FDerivedDataBackendGraph:  Pak pak cache file ../../../../../../Users/Bruno/Documents/GitHub/Project_RoKar/Project_RoKar/DerivedDataCache/DDC.ddp not found, will not use a pak cache.
[2017.07.20-03.45.12:214][  0]LogDerivedDataCache: Unable to find inner node Pak for hierarchical cache Hierarchy.
[2017.07.20-03.45.12:214][  0]LogDerivedDataCache: FDerivedDataBackendGraph:  CompressedPak pak cache file ../../../../../../Users/Bruno/Documents/GitHub/Project_RoKar/Project_RoKar/DerivedDataCache/Compressed.ddp not found, will not use a pak cache.
[2017.07.20-03.45.12:214][  0]LogDerivedDataCache: Unable to find inner node CompressedPak for hierarchical cache Hierarchy.
[2017.07.20-03.45.12:246][  0]LogDerivedDataCache:Display: Pak cache opened for reading ../../../Engine/DerivedDataCache/Compressed.ddp.
[2017.07.20-03.45.12:259][  0]LogDerivedDataCache: Using Local data cache path C:/Users/Bruno/AppData/Local/UnrealEngine/Common/DerivedDataCache: Writable
[2017.07.20-03.45.12:273][  0]LogMaterial: Verifying Global Shaders for PCD3D_SM5
[2017.07.20-03.45.12:273][  0]LogSlate: Using Freetype 2.6.0
[2017.07.20-03.45.12:274][  0]LogSlate: SlateFontCache - WITH_FREETYPE: 1, WITH_HARFBUZZ: 1
[2017.07.20-03.45.12:274][  0]LogSlate: SlateFontCache - WITH_FREETYPE: 1, WITH_HARFBUZZ: 1
[2017.07.20-03.45.12:727][  0]LogInit: Selected Device Profile: [Windows]
[2017.07.20-03.45.12:835][  0]LogContentStreaming: Texture pool size is 0.00 MB
[2017.07.20-03.45.13:098][  0]LogMeshUtilities: Using QuadricMeshReduction for automatic static mesh reduction
[2017.07.20-03.45.13:190][  0]LogSimplygon: Simplygon DLL not present - disabling.
[2017.07.20-03.45.13:290][  0]LogMeshUtilities: Using SimplygonSwarm for distributed automatic mesh merging
[2017.07.20-03.45.13:290][  0]LogMeshUtilities: No automatic skeletal mesh reduction module available
[2017.07.20-03.45.13:290][  0]LogMeshUtilities: No automatic mesh merging module available
[2017.07.20-03.45.14:209][  0]LogNetVersion: Project_RoKar , NetCL: 3452394, EngineNetVer: 2, GameNetVer: 0 (Checksum: 3736705352)
[2017.07.20-03.45.14:312][  0]LogAssetRegistry: FAssetRegistry took 0.0275 seconds to start up
[2017.07.20-03.45.14:432][  0]LogPackageLocalizationCache: Processed 4 localized package path(s) for 2 prioritized culture(s) in 0.054743 seconds
[2017.07.20-03.45.14:440][  0]LogUObjectArray: 34194 objects as part of root set at end of initial load.
[2017.07.20-03.45.14:440][  0]LogUObjectAllocator: 7260416 out of 0 bytes used by permanent object pool.
[2017.07.20-03.45.14:440][  0]LogUObjectArray: CloseDisregardForGC: 0/0 objects in disregard for GC pool
[2017.07.20-03.45.14:626][  0]LogInit: WinSock: version 1.1 (2.2), MaxSocks=32767, MaxUdp=65467
[2017.07.20-03.45.19:840][  0]LogTcpMessaging: Initializing TcpMessaging bridge
[2017.07.20-03.45.19:941][  0]LogUdpMessaging: Initializing bridge on interface 0.0.0.0:0 to multicast group 230.0.0.1:6666.
[2017.07.20-03.45.21:133][  0]LogMaterial: Uniform references updated for custom material expression Custom.
[2017.07.20-03.45.21:909][  0]SourceControl: Información El control de código fuente está desactivado
[2017.07.20-03.45.21:912][  0]SourceControl: Información El control de código fuente está desactivado
[2017.07.20-03.45.22:005][  0]SourceControl: Información El control de código fuente está desactivado
[2017.07.20-03.45.22:098][  0]SourceControl: Información El control de código fuente está desactivado
[2017.07.20-03.45.23:417][  0]LogAndroidPermission: UAndroidPermissionCallbackProxy::GetInstance
[2017.07.20-03.45.24:589][  0]LogEngine: Initializing Engine...
[2017.07.20-03.45.24:590][  0]LogHMD: Failed to initialize OpenVR with code 110
[2017.07.20-03.45.24:996][  0]LogStats: UGameplayTagsManager::ConstructGameplayTagTree: Construct from data asset -  0.000 s
[2017.07.20-03.45.24:996][  0]LogStats: UGameplayTagsManager::ConstructGameplayTagTree: GameplayTagTreeChangedEvent.Broadcast -  0.000 s
[2017.07.20-03.45.25:318][  0]LogAIModule: Creating AISystem for world Untitled
[2017.07.20-03.45.25:330][  0]LogInit: XAudio2 using 'Altavoces (2- Corsair Gaming H1500 Headset)' : 2 channels at 44.1 kHz using 16 bits per sample (channel mask 0x3)
[2017.07.20-03.45.25:339][  0]LogInit: FAudioDevice initialized.
[2017.07.20-03.45.25:405][  0]LogDerivedDataCache: Saved boot cache 0.07s 90MB C:/Users/Bruno/AppData/Local/UnrealEngine/4.16/DerivedDataCache/Boot.ddc.
[2017.07.20-03.45.25:431][  0]LogInit: Texture streaming: Enabled
[2017.07.20-03.45.25:661][  0]LogEngineSessionManager: EngineSessionManager initialized
[2017.07.20-03.45.26:107][  0]LogInit: Transaction tracking system initialized
[2017.07.20-03.45.26:776][  0]BlueprintLog: New page: Cargar el editor
[2017.07.20-03.45.28:820][  0]LocalizationService: Información Localization service is disabled
[2017.07.20-03.45.30:244][  0]LogConsoleResponse:Display: 
[2017.07.20-03.45.30:471][  0]LogCook:Display: Max memory allowance for cook 16384mb min free memory 0mb
[2017.07.20-03.45.30:471][  0]LogCook:Display: Mobile HDR setting 1
[2017.07.20-03.45.31:069][  0]LogFileCache: Scanning file cache for directory 'C:/Users/Bruno/Documents/GitHub/Project_RoKar/Project_RoKar/Content/' took 0.02s
[2017.07.20-03.45.32:548][  0]SourceControl: Información El control de código fuente está desactivado
[2017.07.20-03.45.32:548][  0]Cmd: MAP LOAD FILE="../../../../../../Users/Bruno/Documents/GitHub/Project_RoKar/Project_RoKar/Content/Assets/Maps/Main.umap" TEMPLATE=0 SHOWPROGRESS=1 FEATURELEVEL=3
[2017.07.20-03.45.32:549][  0]LightingResults: New page: Diseñar la iluminación
[2017.07.20-03.45.32:629][  0]MapCheck: New page: Revisión del mapa
[2017.07.20-03.45.32:629][  0]LightingResults: New page: Diseñar la iluminación
[2017.07.20-03.45.32:892][  0]LogAIModule: Creating AISystem for world Main
[2017.07.20-03.45.32:898][  0]LogEditorServer: Finished looking for orphan Actors (0.000 secs)
[2017.07.20-03.45.32:913][  0]Cmd: MAP CHECKDEP NOCLEARLOG
[2017.07.20-03.45.32:989][  0]MapCheck: Información Map check complete: 0 Error(s), 0 Warning(s), took 75.803ms to complete.
[2017.07.20-03.45.32:989][  0]LogFileHelpers: Loading map 'Main' took 0.441
[2017.07.20-03.45.33:207][  0]LogCollectionManager: Loaded 0 collections in 0.002616 seconds
[2017.07.20-03.45.33:341][  0]LogFileCache: Scanning file cache for directory 'C:/Users/Bruno/Documents/GitHub/Project_RoKar/Project_RoKar/Saved/Collections/' took 0.01s
[2017.07.20-03.45.33:341][  0]LogFileCache: Scanning file cache for directory 'C:/Users/Bruno/Documents/GitHub/Project_RoKar/Project_RoKar/Content/Developers/Bruno/Collections/' took 0.01s
[2017.07.20-03.45.33:341][  0]LogFileCache: Scanning file cache for directory 'C:/Users/Bruno/Documents/GitHub/Project_RoKar/Project_RoKar/Content/Collections/' took 0.01s
[2017.07.20-03.45.33:341][  0]LogCollectionManager: Rebuilt the GUID cache for 0 collections in 0.000002 seconds
[2017.07.20-03.45.33:353][  0]LogContentBrowser: Native class hierarchy populated in 0.0115 seconds. Added 2329 classes and 491 folders.
[2017.07.20-03.45.33:520][  0]LogContentBrowser: Native class hierarchy updated for 'WidgetCarousel' in 0.0010 seconds. Added 0 classes and 0 folders.
[2017.07.20-03.45.33:583][  0]LogContentBrowser: Native class hierarchy updated for 'AddContentDialog' in 0.0007 seconds. Added 0 classes and 0 folders.
[2017.07.20-03.45.33:682][  0]LogContentBrowser: Native class hierarchy updated for 'SceneOutliner' in 0.0008 seconds. Added 1 classes and 2 folders.
[2017.07.20-03.45.33:783][  0]LogCrashTracker: Crashtracker disabled due to settings.
[2017.07.20-03.45.33:791][  0]LogSlate: Took 0.000741 seconds to synchronously load lazily loaded font '../../../Engine/Content/Slate/Fonts/Roboto-Regular.ttf' (155K)
[2017.07.20-03.45.33:798][  0]LogSlate: Took 0.000723 seconds to synchronously load lazily loaded font '../../../Engine/Content/Slate/Fonts/Roboto-Bold.ttf' (160K)
[2017.07.20-03.45.33:812][  0]LogSlate: Took 0.001508 seconds to synchronously load lazily loaded font '../../../Engine/Content/Editor/Slate/Fonts/FontAwesome.ttf' (139K)
[2017.07.20-03.45.33:972][  0]LogRenderer: Reallocating scene render targets to support 856x372 NumSamples 1 (Frame:1).
[2017.07.20-03.45.34:248][  0]LogUObjectGlobals:Warning: Error al encontrar el objeto 'Class Ninguno.'
[2017.07.20-03.45.34:400][  0]LogContentBrowser: Native class hierarchy updated for 'HierarchicalLODOutliner' in 0.0013 seconds. Added 1 classes and 2 folders.
[2017.07.20-03.45.34:401][  0]LogLoad: (Engine Initialization) Total time: 33.48 seconds
[2017.07.20-03.45.34:401][  0]LogLoad: (Engine Initialization) Total Blueprint compile time: 0.14 seconds
[2017.07.20-03.45.34:401][  0]LogExternalProfiler: No external profilers were discovered.  External profiling features will not be available.
[2017.07.20-03.45.34:742][  0]LogOcInput: OculusInput pre-init called
[2017.07.20-03.45.34:742][  0]LogHMD: Starting GearVRController plugin
[2017.07.20-03.45.34:769][  0]LogContentStreaming: Texture pool size now 1000 MB
[2017.07.20-03.45.34:830][  0]LogSlate: Took 0.000310 seconds to synchronously load lazily loaded font '../../../Engine/Content/Slate/Fonts/Roboto-Light.ttf' (159K)
[2017.07.20-03.45.35:416][  2]LogAssetRegistry: Asset discovery search completed in 21.1267 seconds
[2017.07.20-03.45.35:420][  2]LogCollectionManager: Rebuilt the object cache for 0 collections in 0.000000 seconds (found 0 objects)
[2017.07.20-03.45.35:420][  2]LogCollectionManager: Fixed up redirectors for 0 collections in 0.000143 seconds (updated 0 objects)
[2017.07.20-03.46.23:737][147]LogWindowsTextInputMethodSystem:Display: IME system now deactivated.
[2017.07.20-03.46.23:737][147]LogWindowsTextInputMethodSystem:Display: IME system now deactivated.
[2017.07.20-03.46.46:875][572]LogEditorViewport: Clicking on Actor (LMB): StaticMeshActor (Floor)
[2017.07.20-03.46.48:583][628]LogSlate: Took 0.017002 seconds to synchronously load lazily loaded font '../../../Engine/Content/Editor/Slate/Fonts/Roboto-Italic.ttf' (157K)
[2017.07.20-03.48.07:575][ 41]LogSlate: Took 0.000339 seconds to synchronously load lazily loaded font '../../../Engine/Content/Slate/Fonts/Roboto-Light.ttf' (159K)
[2017.07.20-03.48.07:755][ 41]LogSavePackage: Save=52.10ms
[2017.07.20-03.48.07:755][ 41]LogSavePackage: Moving '../../../../../../Users/Bruno/Documents/GitHub/Project_RoKar/Project_RoKar/Saved/Main9F096E6545F0D03F181D09BA8DD9DC79.tmp' to '../../../../../../Users/Bruno/Documents/GitHub/Project_RoKar/Project_RoKar/Content/Assets/Maps/Main.umap'
[2017.07.20-03.48.07:759][ 41]LogSavePackage:Display: Finished SavePackage ../../../../../../Users/Bruno/Documents/GitHub/Project_RoKar/Project_RoKar/Content/Assets/Maps/Main.umap
[2017.07.20-04.14.53:511][500]LogFactory: FactoryCreateFile: Texture with ReimportTextureFactory (0 0 ../../../../../../Users/Bruno/Documents/3D OBJECT/Medieval_Door/44.png)
[2017.07.20-04.14.53:593][500]LogTexture:Display: Building textures: 44 (BC5, 1024X1024)
[2017.07.20-04.14.53:789][500]LogSlate: Took 0.000282 seconds to synchronously load lazily loaded font '../../../Engine/Content/Slate/Fonts/Roboto-Light.ttf' (159K)
[2017.07.20-04.14.53:895][500]LogFactory: FactoryCreateFile: StaticMesh with FbxFactory (0 0 ../../../../../../Users/Bruno/Documents/3D OBJECT/Medieval_Door/Privy Council Door.obj)
[2017.07.20-04.14.54:068][500]LogFbx: Loading FBX Scene from ../../../../../../Users/Bruno/Documents/3D OBJECT/Medieval_Door/Privy Council Door.obj
[2017.07.20-04.14.54:076][500]LogFbx: FBX Scene Loaded Succesfully
[2017.07.20-04.14.57:717][500]LogFbx: Loading FBX Scene from ../../../../../../Users/Bruno/Documents/3D OBJECT/Medieval_Door/Privy Council Door.obj
[2017.07.20-04.14.57:728][500]LogFbx: FBX Scene Loaded Succesfully
[2017.07.20-04.14.57:730][500]LogLinker: No puede encontrar el archivo '/Game/Assets/3DDOORS/Extrude_NURBS_1Mat'
[2017.07.20-04.14.57:730][500]LogLinker: No puede encontrar el archivo '/Game/Assets/3DDOORS/Extrude_NURBS_1Mat'
[2017.07.20-04.14.57:736][500]LogMaterial: Missing cached shader map for material Extrude_NURBS_1Mat, compiling. 
[2017.07.20-04.14.57:783][500]LogFbx:Warning: Triangulating static mesh Extrude_NURBS_1
[2017.07.20-04.14.57:807][500]LogStaticMesh: Generando la malla estática Privy_Council_Door_Extrude_NURBS_1...
[2017.07.20-04.14.57:807][500]LogMeshUtilities: Invalid vertex normals found for mesh. Forcing recomputation of vertex normals for MikkTSpace. Fix mesh or disable "Use MikkTSpace Tangent Space" to avoid forced recomputation of normals.
[2017.07.20-04.14.57:813][500]LogStaticMesh: Built static mesh [0.01s] /Game/Assets/3DDOORS/Privy_Council_Door_Extrude_NURBS_1.Privy_Council_Door_Extrude_NURBS_1
[2017.07.20-04.14.57:827][500]LogLinker: No puede encontrar el archivo '/Game/Assets/3DDOORS/PlaneMat'
[2017.07.20-04.14.57:827][500]LogLinker: No puede encontrar el archivo '/Game/Assets/3DDOORS/PlaneMat'
[2017.07.20-04.14.57:834][500]LogMaterial: Missing cached shader map for material PlaneMat, compiling. 
[2017.07.20-04.14.57:862][500]LogFbx:Warning: Triangulating static mesh Plane
[2017.07.20-04.14.58:039][500]LogStaticMesh: Generando la malla estática Privy_Council_Door_Plane...
[2017.07.20-04.14.58:041][500]LogMeshUtilities: Invalid vertex normals found for mesh. Forcing recomputation of vertex normals for MikkTSpace. Fix mesh or disable "Use MikkTSpace Tangent Space" to avoid forced recomputation of normals.
[2017.07.20-04.14.58:056][500]LogStaticMesh: Built static mesh [0.02s] /Game/Assets/3DDOORS/Privy_Council_Door_Plane.Privy_Council_Door_Plane
[2017.07.20-04.14.58:068][500]FBXImport:Warning: Aviso No smoothing group information was found in this FBX scene.  Please make sure to enable the 'Export Smoothing Groups' option in the FBX Exporter plug-in before exporting the file.  Even for tools that don't support smoothing groups, the FBX Exporter will generate appropriate smoothing data at export-time so that correct vertex normals can be inferred while importing. 
[2017.07.20-04.14.58:096][500]LogFactory: FactoryCreateFile: Texture with ReimportTextureFactory (0 0 ../../../../../../Users/Bruno/Documents/3D OBJECT/Medieval_Door/Privy Council Door.png)
[2017.07.20-04.14.58:205][500]LogTexture:Display: Building textures: Privy_Council_Door (AutoDXT, 1024X1024)
[2017.07.20-04.15.06:880][684]LogEditorViewport: Clicking on Actor (LMB): StaticMeshActor (Floor)
[2017.07.20-04.15.07:528][702]LogEditorViewport: Clicking on Actor (LMB): StaticMeshActor (Floor)
[2017.07.20-04.15.11:536][814]LogFileHelpers: Editor autosave (incl. sublevels) for '/Game/Assets/Maps/Main' took 0.032
[2017.07.20-04.15.11:556][814]OBJ SavePackage: Generating thumbnails for [1] asset(s) in package [/Game/Assets/3DDOORS/44] ([1] browsable assets)...
[2017.07.20-04.15.11:570][814]OBJ SavePackage:     Rendered thumbnail for [Texture2D /Game/Assets/3DDOORS/44.44]
[2017.07.20-04.15.11:570][814]OBJ SavePackage: Finished generating thumbnails for package [/Game/Assets/3DDOORS/44]
[2017.07.20-04.15.11:592][814]LogSavePackage: Save=16.67ms
[2017.07.20-04.15.11:592][814]LogSavePackage: Moving '../../../../../../Users/Bruno/Documents/GitHub/Project_RoKar/Project_RoKar/Saved/44_Auto1AED8728642862A87F9C4E78EE85E9942.tmp' to '../../../../../../Users/Bruno/Documents/GitHub/Project_RoKar/Project_RoKar/Saved/Autosaves/Game/Assets/3DDOORS/44_Auto1.uasset'
[2017.07.20-04.15.11:595][814]LogSavePackage:Display: Finished SavePackage ../../../../../../Users/Bruno/Documents/GitHub/Project_RoKar/Project_RoKar/Saved/Autosaves/Game/Assets/3DDOORS/44_Auto1.uasset
[2017.07.20-04.15.11:596][814]OBJ SavePackage: Generating thumbnails for [1] asset(s) in package [/Game/Assets/3DDOORS/Privy_Council_Door] ([1] browsable assets)...
[2017.07.20-04.15.11:610][814]OBJ SavePackage:     Rendered thumbnail for [Texture2D /Game/Assets/3DDOORS/Privy_Council_Door.Privy_Council_Door]
[2017.07.20-04.15.11:610][814]OBJ SavePackage: Finished generating thumbnails for package [/Game/Assets/3DDOORS/Privy_Council_Door]
[2017.07.20-04.15.11:632][814]LogSavePackage: Save=17.07ms
[2017.07.20-04.15.11:632][814]LogSavePackage: Moving '../../../../../../Users/Bruno/Documents/GitHub/Project_RoKar/Project_RoKar/Saved/Privy_Council_Door_Auto115D758CB42DFAFAB169623BD1A02A1B0.tmp' to '../../../../../../Users/Bruno/Documents/GitHub/Project_RoKar/Project_RoKar/Saved/Autosaves/Game/Assets/3DDOORS/Privy_Council_Door_Auto1.uasset'
[2017.07.20-04.15.11:635][814]LogSavePackage:Display: Finished SavePackage ../../../../../../Users/Bruno/Documents/GitHub/Project_RoKar/Project_RoKar/Saved/Autosaves/Game/Assets/3DDOORS/Privy_Council_Door_Auto1.uasset
[2017.07.20-04.15.11:637][814]OBJ SavePackage: Generating thumbnails for [1] asset(s) in package [/Game/Assets/3DDOORS/Privy_Council_Door_Extrude_NURBS_1] ([1] browsable assets)...
[2017.07.20-04.15.11:656][814]OBJ SavePackage:     Rendered thumbnail for [StaticMesh /Game/Assets/3DDOORS/Privy_Council_Door_Extrude_NURBS_1.Privy_Council_Door_Extrude_NURBS_1]
[2017.07.20-04.15.11:656][814]OBJ SavePackage: Finished generating thumbnails for package [/Game/Assets/3DDOORS/Privy_Council_Door_Extrude_NURBS_1]
[2017.07.20-04.15.11:674][814]LogSavePackage: Save=14.42ms
[2017.07.20-04.15.11:674][814]LogSavePackage: Moving '../../../../../../Users/Bruno/Documents/GitHub/Project_RoKar/Project_RoKar/Saved/Privy_Council_Door_Extrude_NURBS_1_Auto178EC22094B90A2225FC810BB91631181.tmp' to '../../../../../../Users/Bruno/Documents/GitHub/Project_RoKar/Project_RoKar/Saved/Autosaves/Game/Assets/3DDOORS/Privy_Council_Door_Extrude_NURBS_1_Auto1.uasset'
[2017.07.20-04.15.11:677][814]LogSavePackage:Display: Finished SavePackage ../../../../../../Users/Bruno/Documents/GitHub/Project_RoKar/Project_RoKar/Saved/Autosaves/Game/Assets/3DDOORS/Privy_Council_Door_Extrude_NURBS_1_Auto1.uasset
[2017.07.20-04.15.11:679][814]OBJ SavePackage: Generating thumbnails for [1] asset(s) in package [/Game/Assets/3DDOORS/Extrude_NURBS_1Mat] ([1] browsable assets)...
[2017.07.20-04.15.11:698][814]OBJ SavePackage:     Rendered thumbnail for [Material /Game/Assets/3DDOORS/Extrude_NURBS_1Mat.Extrude_NURBS_1Mat]
[2017.07.20-04.15.11:698][814]OBJ SavePackage: Finished generating thumbnails for package [/Game/Assets/3DDOORS/Extrude_NURBS_1Mat]
[2017.07.20-04.15.11:715][814]LogSavePackage: Save=15.20ms
[2017.07.20-04.15.11:715][814]LogSavePackage: Moving '../../../../../../Users/Bruno/Documents/GitHub/Project_RoKar/Project_RoKar/Saved/Extrude_NURBS_1Mat_Auto1349C6DB54979D6E701CEE28D78FFD236.tmp' to '../../../../../../Users/Bruno/Documents/GitHub/Project_RoKar/Project_RoKar/Saved/Autosaves/Game/Assets/3DDOORS/Extrude_NURBS_1Mat_Auto1.uasset'
[2017.07.20-04.15.11:723][814]LogSavePackage:Display: Finished SavePackage ../../../../../../Users/Bruno/Documents/GitHub/Project_RoKar/Project_RoKar/Saved/Autosaves/Game/Assets/3DDOORS/Extrude_NURBS_1Mat_Auto1.uasset
[2017.07.20-04.15.11:724][814]OBJ SavePackage: Generating thumbnails for [1] asset(s) in package [/Game/Assets/3DDOORS/Privy_Council_Door_Plane] ([1] browsable assets)...
[2017.07.20-04.15.11:747][814]OBJ SavePackage:     Rendered thumbnail for [StaticMesh /Game/Assets/3DDOORS/Privy_Council_Door_Plane.Privy_Council_Door_Plane]
[2017.07.20-04.15.11:747][814]OBJ SavePackage: Finished generating thumbnails for package [/Game/Assets/3DDOORS/Privy_Council_Door_Plane]
[2017.07.20-04.15.11:777][814]LogSavePackage: Save=20.05ms
[2017.07.20-04.15.11:778][814]LogSavePackage: Moving '../../../../../../Users/Bruno/Documents/GitHub/Project_RoKar/Project_RoKar/Saved/Privy_Council_Door_Plane_Auto16C30068B407866ABB33914BCFF392346.tmp' to '../../../../../../Users/Bruno/Documents/GitHub/Project_RoKar/Project_RoKar/Saved/Autosaves/Game/Assets/3DDOORS/Privy_Council_Door_Plane_Auto1.uasset'
[2017.07.20-04.15.11:784][814]LogSavePackage:Display: Finished SavePackage ../../../../../../Users/Bruno/Documents/GitHub/Project_RoKar/Project_RoKar/Saved/Autosaves/Game/Assets/3DDOORS/Privy_Council_Door_Plane_Auto1.uasset
[2017.07.20-04.15.11:787][814]OBJ SavePackage: Generating thumbnails for [1] asset(s) in package [/Game/Assets/3DDOORS/PlaneMat] ([1] browsable assets)...
[2017.07.20-04.15.11:806][814]OBJ SavePackage:     Rendered thumbnail for [Material /Game/Assets/3DDOORS/PlaneMat.PlaneMat]
[2017.07.20-04.15.11:807][814]OBJ SavePackage: Finished generating thumbnails for package [/Game/Assets/3DDOORS/PlaneMat]
[2017.07.20-04.15.11:825][814]LogSavePackage: Save=15.15ms
[2017.07.20-04.15.11:825][814]LogSavePackage: Moving '../../../../../../Users/Bruno/Documents/GitHub/Project_RoKar/Project_RoKar/Saved/PlaneMat_Auto1CB88FFF743259AA4CFFC5E9666EB3DD1.tmp' to '../../../../../../Users/Bruno/Documents/GitHub/Project_RoKar/Project_RoKar/Saved/Autosaves/Game/Assets/3DDOORS/PlaneMat_Auto1.uasset'
[2017.07.20-04.15.11:828][814]LogSavePackage:Display: Finished SavePackage ../../../../../../Users/Bruno/Documents/GitHub/Project_RoKar/Project_RoKar/Saved/Autosaves/Game/Assets/3DDOORS/PlaneMat_Auto1.uasset
[2017.07.20-04.15.11:828][814]LogFileHelpers: Auto-saving content packages took 0.291
[2017.07.20-04.15.18:341][ 65]LogEditorViewport: Clicking on Actor (context menu): StaticMeshActor (Floor)
[2017.07.20-04.15.20:704][145]LogEditorViewport: Clicking on Actor (context menu): BP_Sky_Sphere_C (Sky Sphere)
[2017.07.20-04.15.25:256][265]Cmd: OBJ SAVEPACKAGE PACKAGE="/Game/Assets/3DDOORS/44" FILE="../../../../../../Users/Bruno/Documents/GitHub/Project_RoKar/Project_RoKar/Content/Assets/3DDOORS/44.uasset" SILENT=true
[2017.07.20-04.15.25:420][265]LogSavePackage: Save=159.81ms
[2017.07.20-04.15.25:420][265]LogSavePackage: Moving '../../../../../../Users/Bruno/Documents/GitHub/Project_RoKar/Project_RoKar/Saved/447AFCCCA548D9EF079D2C5285164BD2CB.tmp' to '../../../../../../Users/Bruno/Documents/GitHub/Project_RoKar/Project_RoKar/Content/Assets/3DDOORS/44.uasset'
[2017.07.20-04.15.25:428][265]LogSavePackage:Display: Finished SavePackage ../../../../../../Users/Bruno/Documents/GitHub/Project_RoKar/Project_RoKar/Content/Assets/3DDOORS/44.uasset
[2017.07.20-04.15.25:516][265]LogSavePackage: Save=14.78ms
[2017.07.20-04.15.25:516][265]LogSavePackage: Moving '../../../../../../Users/Bruno/Documents/GitHub/Project_RoKar/Project_RoKar/Saved/Extrude_NURBS_1MatB717B99A4DE905C72F17768179AF89FF.tmp' to '../../../../../../Users/Bruno/Documents/GitHub/Project_RoKar/Project_RoKar/Content/Assets/3DDOORS/Extrude_NURBS_1Mat.uasset'
[2017.07.20-04.15.25:525][265]LogSavePackage:Display: Finished SavePackage ../../../../../../Users/Bruno/Documents/GitHub/Project_RoKar/Project_RoKar/Content/Assets/3DDOORS/Extrude_NURBS_1Mat.uasset
[2017.07.20-04.15.25:566][265]Cmd: OBJ SAVEPACKAGE PACKAGE="/Game/Assets/3DDOORS/PlaneMat" FILE="../../../../../../Users/Bruno/Documents/GitHub/Project_RoKar/Project_RoKar/Content/Assets/3DDOORS/PlaneMat.uasset" SILENT=true
[2017.07.20-04.15.25:599][265]LogSavePackage: Save=16.58ms
[2017.07.20-04.15.25:599][265]LogSavePackage: Moving '../../../../../../Users/Bruno/Documents/GitHub/Project_RoKar/Project_RoKar/Saved/PlaneMat501235DE46556273C3632AA4807DD735.tmp' to '../../../../../../Users/Bruno/Documents/GitHub/Project_RoKar/Project_RoKar/Content/Assets/3DDOORS/PlaneMat.uasset'
[2017.07.20-04.15.25:605][265]LogSavePackage:Display: Finished SavePackage ../../../../../../Users/Bruno/Documents/GitHub/Project_RoKar/Project_RoKar/Content/Assets/3DDOORS/PlaneMat.uasset
[2017.07.20-04.15.25:733][265]LogSavePackage: Save=110.71ms
[2017.07.20-04.15.25:733][265]LogSavePackage: Moving '../../../../../../Users/Bruno/Documents/GitHub/Project_RoKar/Project_RoKar/Saved/Privy_Council_DoorB8733BC742DE93EA78EA7F881F512D24.tmp' to '../../../../../../Users/Bruno/Documents/GitHub/Project_RoKar/Project_RoKar/Content/Assets/3DDOORS/Privy_Council_Door.uasset'
[2017.07.20-04.15.25:739][265]LogSavePackage:Display: Finished SavePackage ../../../../../../Users/Bruno/Documents/GitHub/Project_RoKar/Project_RoKar/Content/Assets/3DDOORS/Privy_Council_Door.uasset
[2017.07.20-04.15.25:785][265]LogSavePackage: Save=13.55ms
[2017.07.20-04.15.25:785][265]LogSavePackage: Moving '../../../../../../Users/Bruno/Documents/GitHub/Project_RoKar/Project_RoKar/Saved/Privy_Council_Door_Extrude_NURBS_1A0AAED2A48487C6CCE418CB303A2DF08.tmp' to '../../../../../../Users/Bruno/Documents/GitHub/Project_RoKar/Project_RoKar/Content/Assets/3DDOORS/Privy_Council_Door_Extrude_NURBS_1.uasset'
[2017.07.20-04.15.25:790][265]LogSavePackage:Display: Finished SavePackage ../../../../../../Users/Bruno/Documents/GitHub/Project_RoKar/Project_RoKar/Content/Assets/3DDOORS/Privy_Council_Door_Extrude_NURBS_1.uasset
[2017.07.20-04.15.25:826][265]LogSavePackage: Save=14.20ms
[2017.07.20-04.15.25:826][265]LogSavePackage: Moving '../../../../../../Users/Bruno/Documents/GitHub/Project_RoKar/Project_RoKar/Saved/Privy_Council_Door_PlaneB21C02B24D7FE582E69CCBABF094758A.tmp' to '../../../../../../Users/Bruno/Documents/GitHub/Project_RoKar/Project_RoKar/Content/Assets/3DDOORS/Privy_Council_Door_Plane.uasset'
[2017.07.20-04.15.25:831][265]LogSavePackage:Display: Finished SavePackage ../../../../../../Users/Bruno/Documents/GitHub/Project_RoKar/Project_RoKar/Content/Assets/3DDOORS/Privy_Council_Door_Plane.uasset
[2017.07.20-04.16.06:001][462]LogWindowsTextInputMethodSystem:Display: IME system now deactivated.
[2017.07.20-04.16.06:203][463]Cmd: QUIT_EDITOR
[2017.07.20-04.16.06:242][463]LogExit: Preparing to exit.
[2017.07.20-04.16.07:405][463]LogDirectoryWatcher: A directory notification for 'C:/Users/Bruno/Documents/GitHub/Project_RoKar/Project_RoKar/Content/' was aborted.
[2017.07.20-04.16.07:425][463]LogExit: Editor shut down
[2017.07.20-04.16.07:429][463]LogExit: Transaction tracking system shut down
[2017.07.20-04.16.07:513][463]LogObj: Freed 0b from 0 cluster array pools.
[2017.07.20-04.16.07:513][463]LogExit: Object subsystem successfully closed.
[2017.07.20-04.16.07:535][463]LogD3D11RHI: Shutdown
[2017.07.20-04.16.07:535][463]LogD3D11RHI: CleanupD3DDevice
[2017.07.20-04.16.07:610][463]LogD3D11RHI: ~FD3D11DynamicRHI
[2017.07.20-04.16.07:645][463]LogModuleManager: Shutting down and abandoning module HierarchicalLODOutliner (524)
[2017.07.20-04.16.07:645][463]LogModuleManager: Shutting down and abandoning module CrashTracker (522)
[2017.07.20-04.16.07:645][463]LogModuleManager: Shutting down and abandoning module SceneOutliner (520)
[2017.07.20-04.16.07:645][463]LogModuleManager: Shutting down and abandoning module AddContentDialog (518)
[2017.07.20-04.16.07:645][463]LogDirectoryWatcher: A directory notification for 'C:/Program Files/Epic Games/UE_4.16/FeaturePacks/' was aborted.
[2017.07.20-04.16.07:646][463]LogModuleManager: Shutting down and abandoning module WidgetCarousel (517)
[2017.07.20-04.16.07:646][463]LogModuleManager: Shutting down and abandoning module EditorWidgets (514)
[2017.07.20-04.16.07:646][463]LogModuleManager: Shutting down and abandoning module CollectionManager (512)
[2017.07.20-04.16.07:646][463]LogDirectoryWatcher: A directory notification for 'C:/Users/Bruno/Documents/GitHub/Project_RoKar/Project_RoKar/Content/Collections/' was aborted.
[2017.07.20-04.16.07:646][463]LogDirectoryWatcher: A directory notification for 'C:/Users/Bruno/Documents/GitHub/Project_RoKar/Project_RoKar/Content/Developers/Bruno/Collections/' was aborted.
[2017.07.20-04.16.07:646][463]LogDirectoryWatcher: A directory notification for 'C:/Users/Bruno/Documents/GitHub/Project_RoKar/Project_RoKar/Saved/Collections/' was aborted.
[2017.07.20-04.16.07:646][463]LogModuleManager: Shutting down and abandoning module StatsViewer (510)
[2017.07.20-04.16.07:646][463]LogModuleManager: Shutting down and abandoning module FoliageEdit (508)
[2017.07.20-04.16.07:646][463]LogModuleManager: Shutting down and abandoning module LandscapeEditor (506)
[2017.07.20-04.16.07:647][463]LogModuleManager: Shutting down and abandoning module MeshPaintMode (504)
[2017.07.20-04.16.07:647][463]LogModuleManager: Shutting down and abandoning module SceneDepthPickerMode (502)
[2017.07.20-04.16.07:647][463]LogModuleManager: Shutting down and abandoning module ActorPickerMode (500)
[2017.07.20-04.16.07:647][463]LogModuleManager: Shutting down and abandoning module GeometryMode (498)
[2017.07.20-04.16.07:647][463]LogModuleManager: Shutting down and abandoning module TextureAlignMode (496)
[2017.07.20-04.16.07:647][463]LogModuleManager: Shutting down and abandoning module BspMode (494)
[2017.07.20-04.16.07:647][463]LogModuleManager: Shutting down and abandoning module HardwareSurvey (492)
[2017.07.20-04.16.07:647][463]LogModuleManager: Shutting down and abandoning module SequenceRecorderSections (490)
[2017.07.20-04.16.07:647][463]LogModuleManager: Shutting down and abandoning module AutomationWorker (488)
[2017.07.20-04.16.07:647][463]LogModuleManager: Shutting down and abandoning module MatineeToLevelSequence (486)
[2017.07.20-04.16.07:647][463]LogModuleManager: Shutting down and abandoning module LevelSequenceEditor (484)
[2017.07.20-04.16.07:647][463]LogModuleManager: Shutting down and abandoning module PlacementMode (483)
[2017.07.20-04.16.07:647][463]LogModuleManager: Shutting down and abandoning module WmfMediaFactory (480)
[2017.07.20-04.16.07:647][463]LogModuleManager: Shutting down and abandoning module WmfMediaEditor (478)
[2017.07.20-04.16.07:647][463]LogModuleManager: Shutting down and abandoning module AvfMediaFactory (476)
[2017.07.20-04.16.07:647][463]LogModuleManager: Shutting down and abandoning module AvfMediaEditor (474)
[2017.07.20-04.16.07:647][463]LogModuleManager: Shutting down and abandoning module AndroidMediaFactory (472)
[2017.07.20-04.16.07:647][463]LogModuleManager: Shutting down and abandoning module Media (471)
[2017.07.20-04.16.07:647][463]LogModuleManager: Shutting down and abandoning module AndroidMediaEditor (468)
[2017.07.20-04.16.07:647][463]LogModuleManager: Shutting down and abandoning module CharacterAI (466)
[2017.07.20-04.16.07:647][463]LogModuleManager: Shutting down and abandoning module AudioCapture (464)
[2017.07.20-04.16.07:647][463]LogModuleManager: Shutting down and abandoning module SequenceRecorder (463)
[2017.07.20-04.16.07:647][463]LogModuleManager: Shutting down and abandoning module SmartSnapping (460)
[2017.07.20-04.16.07:647][463]LogModuleManager: Shutting down and abandoning module SessionServices (458)
[2017.07.20-04.16.07:647][463]LogModuleManager: Shutting down and abandoning module ViewportSnapping (456)
[2017.07.20-04.16.07:647][463]LogModuleManager: Shutting down and abandoning module ViewportInteraction (454)
[2017.07.20-04.16.07:647][463]LogModuleManager: Shutting down and abandoning module ClothPainter (452)
[2017.07.20-04.16.07:647][463]LogModuleManager: Shutting down and abandoning module LogVisualizer (450)
[2017.07.20-04.16.07:647][463]LogModuleManager: Shutting down and abandoning module IntroTutorials (448)
[2017.07.20-04.16.07:647][463]LogModuleManager: Shutting down and abandoning module GameProjectGeneration (447)
[2017.07.20-04.16.07:647][463]LogModuleManager: Shutting down and abandoning module EditorLiveStreaming (444)
[2017.07.20-04.16.07:647][463]LogModuleManager: Shutting down and abandoning module IOSPlatformEditor (442)
[2017.07.20-04.16.07:647][463]LogModuleManager: Shutting down and abandoning module HTML5PlatformEditor (440)
[2017.07.20-04.16.07:647][463]LogModuleManager: Shutting down and abandoning module AndroidPlatformEditor (438)
[2017.07.20-04.16.07:647][463]LogModuleManager: Shutting down and abandoning module AndroidDeviceDetection (437)
[2017.07.20-04.16.07:710][463]LogModuleManager: Shutting down and abandoning module IOSRuntimeSettings (434)
[2017.07.20-04.16.07:710][463]LogModuleManager: Shutting down and abandoning module AndroidRuntimeSettings (432)
[2017.07.20-04.16.07:710][463]LogModuleManager: Shutting down and abandoning module InputBindingEditor (430)
[2017.07.20-04.16.07:710][463]LogModuleManager: Shutting down and abandoning module MergeActors (428)
[2017.07.20-04.16.07:710][463]LogModuleManager: Shutting down and abandoning module SizeMap (426)
[2017.07.20-04.16.07:710][463]LogModuleManager: Shutting down and abandoning module TreeMap (424)
[2017.07.20-04.16.07:710][463]LogModuleManager: Shutting down and abandoning module ReferenceViewer (422)
[2017.07.20-04.16.07:710][463]LogModuleManager: Shutting down and abandoning module LocalizationDashboard (420)
[2017.07.20-04.16.07:710][463]LogModuleManager: Shutting down and abandoning module LocalizationService (419)
[2017.07.20-04.16.07:710][463]LogModuleManager: Shutting down and abandoning module HardwareTargeting (416)
[2017.07.20-04.16.07:710][463]LogModuleManager: Shutting down and abandoning module DeviceProfileEditor (414)
[2017.07.20-04.16.07:710][463]LogModuleManager: Shutting down and abandoning module UndoHistory (412)
[2017.07.20-04.16.07:710][463]LogModuleManager: Shutting down and abandoning module UserFeedback (410)
[2017.07.20-04.16.07:710][463]LogModuleManager: Shutting down and abandoning module XmlParser (408)
[2017.07.20-04.16.07:710][463]LogModuleManager: Shutting down and abandoning module Blutility (406)
[2017.07.20-04.16.07:710][463]LogModuleManager: Shutting down and abandoning module ProjectSettingsViewer (404)
[2017.07.20-04.16.07:711][463]LogModuleManager: Shutting down and abandoning module ProjectTargetPlatformEditor (403)
[2017.07.20-04.16.07:711][463]LogModuleManager: Shutting down and abandoning module EditorSettingsViewer (400)
[2017.07.20-04.16.07:711][463]LogModuleManager: Shutting down and abandoning module SettingsEditor (398)
[2017.07.20-04.16.07:711][463]LogModuleManager: Shutting down and abandoning module ProjectLauncher (396)
[2017.07.20-04.16.07:711][463]LogModuleManager: Shutting down and abandoning module SessionFrontend (394)
[2017.07.20-04.16.07:711][463]LogModuleManager: Shutting down and abandoning module ProfilerClient (392)
[2017.07.20-04.16.07:711][463]LogModuleManager: Shutting down and abandoning module DeviceManager (390)
[2017.07.20-04.16.07:711][463]LogModuleManager: Shutting down and abandoning module TargetDeviceServices (389)
[2017.07.20-04.16.07:756][463]LogModuleManager: Shutting down and abandoning module AutomationController (386)
[2017.07.20-04.16.07:756][463]LogModuleManager: Shutting down and abandoning module AutomationWindow (384)
[2017.07.20-04.16.07:756][463]LogModuleManager: Shutting down and abandoning module Layers (382)
[2017.07.20-04.16.07:756][463]LogModuleManager: Shutting down and abandoning module ComponentVisualizers (380)
[2017.07.20-04.16.07:756][463]LogModuleManager: Shutting down and abandoning module DetailCustomizations (378)
[2017.07.20-04.16.07:757][463]LogModuleManager: Shutting down and abandoning module PackagesDialog (376)
[2017.07.20-04.16.07:758][463]LogModuleManager: Shutting down and abandoning module Persona (374)
[2017.07.20-04.16.07:758][463]LogModuleManager: Shutting down and abandoning module AdvancedPreviewScene (373)
[2017.07.20-04.16.07:758][463]LogModuleManager: Shutting down and abandoning module AnimGraph (371)
[2017.07.20-04.16.07:758][463]LogModuleManager: Shutting down and abandoning module Kismet (368)
[2017.07.20-04.16.07:760][463]LogModuleManager: Shutting down and abandoning module ClassViewer (366)
[2017.07.20-04.16.07:760][463]LogModuleManager: Shutting down and abandoning module Toolbox (364)
[2017.07.20-04.16.07:760][463]LogModuleManager: Shutting down and abandoning module ModuleUI (362)
[2017.07.20-04.16.07:760][463]LogModuleManager: Shutting down and abandoning module MovieSceneTools (360)
[2017.07.20-04.16.07:760][463]LogModuleManager: Shutting down and abandoning module OutputLog (358)
[2017.07.20-04.16.07:760][463]LogModuleManager: Shutting down and abandoning module GammaUI (356)
[2017.07.20-04.16.07:760][463]LogModuleManager: Shutting down and abandoning module Documentation (354)
[2017.07.20-04.16.07:760][463]LogModuleManager: Shutting down and abandoning module MovieSceneTracks (352)
[2017.07.20-04.16.07:760][463]LogModuleManager: Shutting down and abandoning module MovieScene (350)
[2017.07.20-04.16.07:760][463]LogModuleManager: Shutting down and abandoning module Niagara (348)
[2017.07.20-04.16.07:760][463]LogModuleManager: Shutting down and abandoning module NiagaraEditor (347)
[2017.07.20-04.16.07:761][463]LogModuleManager: Shutting down and abandoning module StreamingPauseRendering (344)
[2017.07.20-04.16.07:761][463]LogModuleManager: Shutting down and abandoning module AnalyticsET (342)
[2017.07.20-04.16.07:761][463]LogModuleManager: Shutting down and abandoning module PortalServices (340)
[2017.07.20-04.16.07:761][463]LogModuleManager: Shutting down and abandoning module PortalRpc (338)
[2017.07.20-04.16.07:761][463]LogModuleManager: Shutting down and abandoning module MessagingRpc (336)
[2017.07.20-04.16.07:761][463]LogModuleManager: Shutting down and abandoning module AIModule (334)
[2017.07.20-04.16.07:761][463]LogModuleManager: Shutting down and abandoning module GameplayDebugger (333)
[2017.07.20-04.16.07:761][463]LogModuleManager: Shutting down and abandoning module AITestSuite (331)
[2017.07.20-04.16.07:761][463]LogModuleManager: Shutting down and abandoning module ProfilerService (328)
[2017.07.20-04.16.07:783][463]LogModuleManager: Shutting down and abandoning module TaskGraph (326)
[2017.07.20-04.16.07:783][463]LogModuleManager: Shutting down and abandoning module SteamVRController (324)
[2017.07.20-04.16.07:783][463]LogModuleManager: Shutting down and abandoning module SteamVR (322)
[2017.07.20-04.16.07:783][463]LogModuleManager: Shutting down and abandoning module ProceduralMeshComponentEditor (320)
[2017.07.20-04.16.07:783][463]LogModuleManager: Shutting down and abandoning module ProceduralMeshComponent (318)
[2017.07.20-04.16.07:783][463]LogModuleManager: Shutting down and abandoning module OculusLibrary (316)
[2017.07.20-04.16.07:783][463]LogModuleManager: Shutting down and abandoning module OculusInput (314)
[2017.07.20-04.16.07:783][463]LogModuleManager: Shutting down and abandoning module MobilePatchingUtils (312)
[2017.07.20-04.16.07:783][463]LogModuleManager: Shutting down and abandoning module CustomMeshComponent (310)
[2017.07.20-04.16.07:783][463]LogModuleManager: Shutting down and abandoning module CableComponent (308)
[2017.07.20-04.16.07:783][463]LogModuleManager: Shutting down and abandoning module ArchVisCharacter (306)
[2017.07.20-04.16.07:783][463]LogModuleManager: Shutting down and abandoning module AndroidPermission (304)
[2017.07.20-04.16.07:783][463]LogModuleManager: Shutting down and abandoning module MediaPlayerEditor (300)
[2017.07.20-04.16.07:783][463]LogModuleManager: Shutting down and abandoning module HTML5Networking (298)
[2017.07.20-04.16.07:783][463]LogModuleManager: Shutting down and abandoning module AlembicImporter (296)
[2017.07.20-04.16.07:783][463]LogModuleManager: Shutting down and abandoning module AlembicLibrary (295)
[2017.07.20-04.16.07:783][463]LogModuleManager: Shutting down and abandoning module GeometryCache (294)
[2017.07.20-04.16.07:783][463]LogModuleManager: Shutting down and abandoning module GeometryCacheEd (293)
[2017.07.20-04.16.07:783][463]LogModuleManager: Shutting down and abandoning module SuperSearchEditor (288)
[2017.07.20-04.16.07:783][463]LogModuleManager: Shutting down and abandoning module SuperSearch (287)
[2017.07.20-04.16.07:783][463]LogModuleManager: Shutting down and abandoning module SpeedTreeImporter (284)
[2017.07.20-04.16.07:783][463]LogModuleManager: Shutting down and abandoning module PluginBrowser (282)
[2017.07.20-04.16.07:784][463]LogModuleManager: Shutting down and abandoning module MobileLauncherProfileWizard (280)
[2017.07.20-04.16.07:784][463]LogModuleManager: Shutting down and abandoning module VisualStudioSourceCodeAccess (278)
[2017.07.20-04.16.07:784][463]LogModuleManager: Shutting down and abandoning module DesktopPlatform (277)
[2017.07.20-04.16.07:784][463]LogModuleManager: Shutting down and abandoning module UObjectPlugin (274)
[2017.07.20-04.16.07:784][463]LogModuleManager: Shutting down and abandoning module SubversionSourceControl (272)
[2017.07.20-04.16.07:784][463]LogModuleManager: Shutting down and abandoning module PerforceSourceControl (270)
[2017.07.20-04.16.07:784][463]LogModuleManager: Shutting down and abandoning module GitSourceControl (268)
[2017.07.20-04.16.07:784][463]LogModuleManager: Shutting down and abandoning module SourceControl (267)
[2017.07.20-04.16.07:784][463]LogModuleManager: Shutting down and abandoning module LightPropagationVolumeEditor (264)
[2017.07.20-04.16.07:784][463]LogModuleManager: Shutting down and abandoning module PaperTiledImporter (262)
[2017.07.20-04.16.07:784][463]LogModuleManager: Shutting down and abandoning module PaperSpriteSheetImporter (260)
[2017.07.20-04.16.07:784][463]LogModuleManager: Shutting down and abandoning module Paper2DEditor (258)
[2017.07.20-04.16.07:784][463]LogModuleManager: Shutting down and abandoning module MeshPaint (257)
[2017.07.20-04.16.07:784][463]LogModuleManager: Shutting down and abandoning module LevelEditor (255)
[2017.07.20-04.16.07:785][463]LogModuleManager: Shutting down and abandoning module PixelInspectorModule (254)
[2017.07.20-04.16.07:785][463]LogModuleManager: Shutting down and abandoning module MainFrame (252)
[2017.07.20-04.16.07:785][463]LogModuleManager: Shutting down and abandoning module HotReload (251)
[2017.07.20-04.16.07:785][463]LogModuleManager: Shutting down and abandoning module PhysXVehiclesEditor (246)
[2017.07.20-04.16.07:785][463]LogModuleManager: Shutting down and abandoning module PhysXVehicles (244)
[2017.07.20-04.16.07:785][463]LogModuleManager: Shutting down and abandoning module LocationServicesBPLibrary (242)
[2017.07.20-04.16.07:785][463]LogModuleManager: Shutting down and abandoning module ImmediatePhysicsEditor (240)
[2017.07.20-04.16.07:785][463]LogModuleManager: Shutting down and abandoning module ImmediatePhysics (238)
[2017.07.20-04.16.07:785][463]LogModuleManager: Shutting down and abandoning module UdpMessaging (236)
[2017.07.20-04.16.07:887][463]LogModuleManager: Shutting down and abandoning module TcpMessaging (234)
[2017.07.20-04.16.08:048][463]LogModuleManager: Shutting down and abandoning module GameplayTagsEditor (232)
[2017.07.20-04.16.08:048][463]LogModuleManager: Shutting down and abandoning module FacialAnimationEditor (230)
[2017.07.20-04.16.08:048][463]LogModuleManager: Shutting down and abandoning module FacialAnimation (228)
[2017.07.20-04.16.08:048][463]LogModuleManager: Shutting down and abandoning module AssetManagerEditor (226)
[2017.07.20-04.16.08:048][463]LogModuleManager: Shutting down and abandoning module GraphEditor (225)
[2017.07.20-04.16.08:048][463]LogModuleManager: Shutting down and abandoning module ContentBrowser (223)
[2017.07.20-04.16.08:049][463]LogModuleManager: Shutting down and abandoning module LightPropagationVolumeRuntime (220)
[2017.07.20-04.16.08:049][463]LogModuleManager: Shutting down and abandoning module Paper2D (218)
[2017.07.20-04.16.08:049][463]LogModuleManager: Shutting down and abandoning module WindowsMoviePlayer (216)
[2017.07.20-04.16.08:049][463]LogModuleManager: Shutting down and abandoning module WmfMedia (214)
[2017.07.20-04.16.08:050][463]LogModuleManager: Shutting down and abandoning module ClothingSystemEditor (212)
[2017.07.20-04.16.08:050][463]LogModuleManager: Shutting down and abandoning module ClothingSystemRuntime (210)
[2017.07.20-04.16.08:050][463]LogModuleManager: Shutting down and abandoning module MediaAssets (208)
[2017.07.20-04.16.08:050][463]LogModuleManager: Shutting down and abandoning module GameLiveStreaming (206)
[2017.07.20-04.16.08:050][463]LogModuleManager: Shutting down and abandoning module VREditor (204)
[2017.07.20-04.16.08:050][463]LogModuleManager: Shutting down and abandoning module StringTableEditor (202)
[2017.07.20-04.16.08:050][463]LogModuleManager: Shutting down and abandoning module GameplayTasksEditor (200)
[2017.07.20-04.16.08:050][463]LogModuleManager: Shutting down and abandoning module BehaviorTreeEditor (198)
[2017.07.20-04.16.08:050][463]LogModuleManager: Shutting down and abandoning module FunctionalTesting (196)
[2017.07.20-04.16.08:050][463]LogModuleManager: Shutting down and abandoning module CollisionAnalyzer (194)
[2017.07.20-04.16.08:050][463]LogModuleManager: Shutting down and abandoning module UMG (192)
[2017.07.20-04.16.08:050][463]LogModuleManager: Shutting down and abandoning module UMGEditor (191)
[2017.07.20-04.16.08:050][463]LogModuleManager: Shutting down and abandoning module Sequencer (190)
[2017.07.20-04.16.08:050][463]LogModuleManager: Shutting down and abandoning module AssetTools (188)
[2017.07.20-04.16.08:050][463]LogModuleManager: Shutting down and abandoning module MessageLog (187)
[2017.07.20-04.16.08:050][463]LogModuleManager: Shutting down and abandoning module WorkspaceMenuStructure (186)
[2017.07.20-04.16.08:050][463]LogModuleManager: Shutting down and abandoning module SlateReflector (180)
[2017.07.20-04.16.08:050][463]LogModuleManager: Shutting down and abandoning module Slate (178)
[2017.07.20-04.16.08:050][463]LogModuleManager: Shutting down and abandoning module EditorStyle (176)
[2017.07.20-04.16.08:054][463]LogModuleManager: Shutting down and abandoning module SourceCodeAccess (174)
[2017.07.20-04.16.08:054][463]LogModuleManager: Shutting down and abandoning module HeadMountedDisplay (172)
[2017.07.20-04.16.08:054][463]LogModuleManager: Shutting down and abandoning module XAudio2 (170)
[2017.07.20-04.16.08:054][463]LogModuleManager: Shutting down and abandoning module Networking (168)
[2017.07.20-04.16.08:054][463]LogModuleManager: Shutting down and abandoning module Core (164)
[2017.07.20-04.16.08:054][463]LogModuleManager: Shutting down and abandoning module AssetRegistry (162)
[2017.07.20-04.16.08:236][463]LogDirectoryWatcher: A directory notification for '../../../Engine/Content/' was aborted.
[2017.07.20-04.16.08:236][463]LogDirectoryWatcher: A directory notification for '../../../../../../Users/Bruno/Documents/GitHub/Project_RoKar/Project_RoKar/Content/' was aborted.
[2017.07.20-04.16.08:236][463]LogDirectoryWatcher: A directory notification for '../../../Engine/Plugins/2D/Paper2D/Content/' was aborted.
[2017.07.20-04.16.08:236][463]LogDirectoryWatcher: A directory notification for '../../../Engine/Plugins/Runtime/GearVR/Content/' was aborted.
[2017.07.20-04.16.08:240][463]LogModuleManager: Shutting down and abandoning module DirectoryWatcher (161)
[2017.07.20-04.16.08:241][463]LogModuleManager: Shutting down and abandoning module KismetCompiler (158)
[2017.07.20-04.16.08:241][463]LogModuleManager: Shutting down and abandoning module LevelSequence (156)
[2017.07.20-04.16.08:241][463]LogModuleManager: Shutting down and abandoning module PhysXFormats (154)
[2017.07.20-04.16.08:241][463]LogModuleManager: Shutting down and abandoning module MeshUtilities (152)
[2017.07.20-04.16.08:241][463]LogModuleManager: Shutting down and abandoning module SimplygonSwarm (151)
[2017.07.20-04.16.08:241][463]LogModuleManager: Shutting down and abandoning module SimplygonMeshReduction (149)
[2017.07.20-04.16.08:241][463]LogModuleManager: Shutting down and abandoning module QuadricMeshReduction (147)
[2017.07.20-04.16.08:241][463]LogModuleManager: Shutting down and abandoning module DerivedDataCache (144)
[2017.07.20-04.16.08:341][463]LogDerivedDataCache: Shutdown
[2017.07.20-04.16.08:341][463]LogModuleManager: Shutting down and abandoning module TargetPlatform (142)
[2017.07.20-04.16.08:341][463]LogModuleManager: Shutting down and abandoning module VulkanShaderFormat (141)
[2017.07.20-04.16.08:341][463]LogModuleManager: Shutting down and abandoning module ShaderFormatVectorVM (139)
[2017.07.20-04.16.08:341][463]LogModuleManager: Shutting down and abandoning module ShaderFormatOpenGL (137)
[2017.07.20-04.16.08:341][463]LogModuleManager: Shutting down and abandoning module ShaderFormatD3D (135)
[2017.07.20-04.16.08:341][463]LogModuleManager: Shutting down and abandoning module MetalShaderFormat (133)
[2017.07.20-04.16.08:341][463]LogModuleManager: Shutting down and abandoning module TextureFormatUncompressed (131)
[2017.07.20-04.16.08:341][463]LogModuleManager: Shutting down and abandoning module TextureFormatPVR (129)
[2017.07.20-04.16.08:341][463]LogModuleManager: Shutting down and abandoning module TextureFormatDXT (127)
[2017.07.20-04.16.08:341][463]LogModuleManager: Shutting down and abandoning module TextureFormatIntelISPCTexComp (125)
[2017.07.20-04.16.08:342][463]LogModuleManager: Shutting down and abandoning module TextureFormatASTC (123)
[2017.07.20-04.16.08:342][463]LogModuleManager: Shutting down and abandoning module ImageWrapper (122)
[2017.07.20-04.16.08:342][463]LogModuleManager: Shutting down and abandoning module TextureFormatAndroid (119)
[2017.07.20-04.16.08:342][463]LogModuleManager: Shutting down and abandoning module AudioFormatOpus (117)
[2017.07.20-04.16.08:342][463]LogModuleManager: Shutting down and abandoning module AudioFormatOgg (115)
[2017.07.20-04.16.08:342][463]LogModuleManager: Shutting down and abandoning module AudioFormatADPCM (113)
[2017.07.20-04.16.08:342][463]LogModuleManager: Shutting down and abandoning module LinuxTargetPlatform (111)
[2017.07.20-04.16.08:342][463]LogModuleManager: Shutting down and abandoning module LinuxServerTargetPlatform (109)
[2017.07.20-04.16.08:342][463]LogModuleManager: Shutting down and abandoning module LinuxNoEditorTargetPlatform (107)
[2017.07.20-04.16.08:342][463]LogModuleManager: Shutting down and abandoning module LinuxClientTargetPlatform (105)
[2017.07.20-04.16.08:342][463]LogModuleManager: Shutting down and abandoning module TVOSTargetPlatform (103)
[2017.07.20-04.16.08:342][463]LogModuleManager: Shutting down and abandoning module Messaging (101)
[2017.07.20-04.16.08:342][463]LogModuleManager: Shutting down and abandoning module IOSTargetPlatform (99)
[2017.07.20-04.16.08:342][463]LogModuleManager: Shutting down and abandoning module HTML5TargetPlatform (97)
[2017.07.20-04.16.08:342][463]LogModuleManager: Shutting down and abandoning module Android_PVRTCTargetPlatform (95)
[2017.07.20-04.16.08:342][463]LogModuleManager: Shutting down and abandoning module Android_MultiTargetPlatform (93)
[2017.07.20-04.16.08:342][463]LogModuleManager: Shutting down and abandoning module Android_ETC2TargetPlatform (91)
[2017.07.20-04.16.08:342][463]LogModuleManager: Shutting down and abandoning module Android_ETC1TargetPlatform (89)
[2017.07.20-04.16.08:342][463]LogModuleManager: Shutting down and abandoning module Android_DXTTargetPlatform (87)
[2017.07.20-04.16.08:342][463]LogModuleManager: Shutting down and abandoning module Android_ATCTargetPlatform (85)
[2017.07.20-04.16.08:342][463]LogModuleManager: Shutting down and abandoning module Android_ASTCTargetPlatform (83)
[2017.07.20-04.16.08:342][463]LogModuleManager: Shutting down and abandoning module AndroidTargetPlatform (81)
[2017.07.20-04.16.08:342][463]LogModuleManager: Shutting down and abandoning module WindowsTargetPlatform (79)
[2017.07.20-04.16.08:342][463]LogModuleManager: Shutting down and abandoning module WindowsServerTargetPlatform (77)
[2017.07.20-04.16.08:342][463]LogModuleManager: Shutting down and abandoning module WindowsNoEditorTargetPlatform (75)
[2017.07.20-04.16.08:342][463]LogModuleManager: Shutting down and abandoning module WindowsClientTargetPlatform (73)
[2017.07.20-04.16.08:342][463]LogModuleManager: Shutting down and abandoning module MacTargetPlatform (71)
[2017.07.20-04.16.08:342][463]LogModuleManager: Shutting down and abandoning module MacServerTargetPlatform (69)
[2017.07.20-04.16.08:342][463]LogModuleManager: Shutting down and abandoning module MacNoEditorTargetPlatform (67)
[2017.07.20-04.16.08:342][463]LogModuleManager: Shutting down and abandoning module MacClientTargetPlatform (65)
[2017.07.20-04.16.08:342][463]LogModuleManager: Shutting down and abandoning module AllDesktopTargetPlatform (63)
[2017.07.20-04.16.08:342][463]LogModuleManager: Shutting down and abandoning module InputCore (60)
[2017.07.20-04.16.08:342][463]LogModuleManager: Shutting down and abandoning module Settings (58)
[2017.07.20-04.16.08:342][463]LogModuleManager: Shutting down and abandoning module OculusRift (56)
[2017.07.20-04.16.08:342][463]LogModuleManager: Shutting down and abandoning module GearVRController (54)
[2017.07.20-04.16.08:342][463]LogModuleManager: Shutting down and abandoning module GearVR (52)
[2017.07.20-04.16.08:342][463]LogModuleManager: Shutting down and abandoning module ExampleDeviceProfileSelector (50)
[2017.07.20-04.16.08:342][463]LogModuleManager: Shutting down and abandoning module OnlineBlueprintSupport (48)
[2017.07.20-04.16.08:342][463]LogModuleManager: Shutting down and abandoning module OnlineSubsystem (44)
[2017.07.20-04.16.08:342][463]LogOnline:Display: Unloading online subsystem: NULL
[2017.07.20-04.16.08:342][463]LogModuleManager: Shutting down and abandoning module XMPP (43)
[2017.07.20-04.16.08:342][463]LogModuleManager: Shutting down and abandoning module HTTP (41)
[2017.07.20-04.16.08:342][463]LogHttp:Display: Http module shutting down, but needs to wait on 1 outstanding Http requests:
[2017.07.20-04.16.08:342][463]LogHttp:Display: 	verb=[POST] url=[https://datarouter.ol.epicgames.com/datarouter/api/v1/public/data?SessionID=%7B0E2DE909-4B4F-437F-68DD-25AC93CB71BD%7D&AppID=UEEditor.Rocket.Release&AppVersion=4.16.2-3514769%2B%2B%2BUE4%2BRelease-4.16&UserID=9955137b4f458d321fb6c58d37563ce7%7C94954863c4b04293ac4fdae6fdfe962a%7C10bb2f4e-e5ca-4ed5-9e61-507ad8b2a3f8&AppEnvironment=datacollector-binary&UploadType=eteventstream] status=Processing
[2017.07.20-04.16.08:374][463]LogModuleManager: Shutting down and abandoning module SSL (40)
[2017.07.20-04.16.08:375][463]LogModuleManager: Shutting down and abandoning module HTTPChunkInstaller (36)
[2017.07.20-04.16.08:375][463]LogModuleManager: Shutting down and abandoning module AnimationModifiers (34)
[2017.07.20-04.16.08:375][463]LogModuleManager: Shutting down and abandoning module PropertyEditor (33)
[2017.07.20-04.16.08:375][463]LogModuleManager: Shutting down and abandoning module AudioEditor (30)
[2017.07.20-04.16.08:375][463]LogModuleManager: Shutting down and abandoning module TextureCompressor (28)
[2017.07.20-04.16.08:375][463]LogModuleManager: Shutting down and abandoning module ShaderCore (26)
[2017.07.20-04.16.08:375][463]LogModuleManager: Shutting down and abandoning module Landscape (24)
[2017.07.20-04.16.08:375][463]LogModuleManager: Shutting down and abandoning module SlateRHIRenderer (22)
[2017.07.20-04.16.08:376][463]LogModuleManager: Shutting down and abandoning module OpenGLDrv (20)
[2017.07.20-04.16.08:376][463]LogModuleManager: Shutting down and abandoning module D3D11RHI (18)
[2017.07.20-04.16.08:376][463]LogModuleManager: Shutting down and abandoning module AnimGraphRuntime (16)
[2017.07.20-04.16.08:376][463]LogModuleManager: Shutting down and abandoning module Renderer (14)
[2017.07.20-04.16.08:376][463]LogModuleManager: Shutting down and abandoning module Engine (12)
[2017.07.20-04.16.08:376][463]LogModuleManager: Shutting down and abandoning module CoreUObject (10)
[2017.07.20-04.16.08:376][463]LogModuleManager: Shutting down and abandoning module NetworkFile (8)
[2017.07.20-04.16.08:376][463]LogModuleManager: Shutting down and abandoning module StreamingFile (6)
[2017.07.20-04.16.08:376][463]LogModuleManager: Shutting down and abandoning module SandboxFile (4)
[2017.07.20-04.16.08:376][463]LogModuleManager: Shutting down and abandoning module PakFile (2)
[2017.07.20-04.16.08:378][463]LogExit: Exiting.
[2017.07.20-04.16.08:388][463]Log file closed, 07/19/17 23:16:08
